[2017-03-08 17:24:20] production.ERROR: RuntimeException: No supported encrypter found. The cipher and / or key length are invalid. in C:\wamp\www\web\bootstrap\cache\compiled.php:7772
Stack trace:
#0 C:\wamp\www\web\bootstrap\cache\compiled.php(7762): Illuminate\Encryption\EncryptionServiceProvider->getEncrypterForKeyAndCipher(NULL, 'AES-256-CBC')
#1 C:\wamp\www\web\bootstrap\cache\compiled.php(1353): Illuminate\Encryption\EncryptionServiceProvider->Illuminate\Encryption\{closure}(Object(Illuminate\Foundation\Application), Array)
#2 C:\wamp\www\web\bootstrap\cache\compiled.php(1309): Illuminate\Container\Container->build(Object(Closure), Array)
#3 C:\wamp\www\web\bootstrap\cache\compiled.php(1874): Illuminate\Container\Container->make('encrypter', Array)
#4 C:\wamp\www\web\bootstrap\cache\compiled.php(1410): Illuminate\Foundation\Application->make('encrypter')
#5 C:\wamp\www\web\bootstrap\cache\compiled.php(1387): Illuminate\Container\Container->resolveClass(Object(ReflectionParameter))
#6 C:\wamp\www\web\bootstrap\cache\compiled.php(1373): Illuminate\Container\Container->getDependencies(Array, Array)
#7 C:\wamp\www\web\bootstrap\cache\compiled.php(1309): Illuminate\Container\Container->build('App\\Http\\Middle...', Array)
#8 C:\wamp\www\web\bootstrap\cache\compiled.php(1874): Illuminate\Container\Container->make('App\\Http\\Middle...', Array)
#9 C:\wamp\www\web\bootstrap\cache\compiled.php(9960): Illuminate\Foundation\Application->make('App\\Http\\Middle...')
#10 [internal function]: Illuminate\Pipeline\Pipeline->Illuminate\Pipeline\{closure}(Object(Illuminate\Http\Request))
#11 C:\wamp\www\web\vendor\laravel\framework\src\Illuminate\Routing\Pipeline.php(32): call_user_func(Object(Closure), Object(Illuminate\Http\Request))
#12 [internal function]: Illuminate\Routing\Pipeline->Illuminate\Routing\{closure}(Object(Illuminate\Http\Request))
#13 C:\wamp\www\web\bootstrap\cache\compiled.php(9950): call_user_func(Object(Closure), Object(Illuminate\Http\Request))
#14 C:\wamp\www\web\bootstrap\cache\compiled.php(8227): Illuminate\Pipeline\Pipeline->then(Object(Closure))
#15 C:\wamp\www\web\bootstrap\cache\compiled.php(8218): Illuminate\Routing\Router->runRouteWithinStack(Object(Illuminate\Routing\Route), Object(Illuminate\Http\Request))
#16 C:\wamp\www\web\bootstrap\cache\compiled.php(8208): Illuminate\Routing\Router->dispatchToRoute(Object(Illuminate\Http\Request))
#17 C:\wamp\www\web\bootstrap\cache\compiled.php(2419): Illuminate\Routing\Router->dispatch(Object(Illuminate\Http\Request))
#18 [internal function]: Illuminate\Foundation\Http\Kernel->Illuminate\Foundation\Http\{closure}(Object(Illuminate\Http\Request))
#19 C:\wamp\www\web\vendor\laravel\framework\src\Illuminate\Routing\Pipeline.php(52): call_user_func(Object(Closure), Object(Illuminate\Http\Request))
#20 C:\wamp\www\web\bootstrap\cache\compiled.php(3286): Illuminate\Routing\Pipeline->Illuminate\Routing\{closure}(Object(Illuminate\Http\Request))
#21 [internal function]: Illuminate\Foundation\Http\Middleware\CheckForMaintenanceMode->handle(Object(Illuminate\Http\Request), Object(Closure))
#22 C:\wamp\www\web\bootstrap\cache\compiled.php(9965): call_user_func_array(Array, Array)
#23 [internal function]: Illuminate\Pipeline\Pipeline->Illuminate\Pipeline\{closure}(Object(Illuminate\Http\Request))
#24 C:\wamp\www\web\vendor\laravel\framework\src\Illuminate\Routing\Pipeline.php(32): call_user_func(Object(Closure), Object(Illuminate\Http\Request))
#25 [internal function]: Illuminate\Routing\Pipeline->Illuminate\Routing\{closure}(Object(Illuminate\Http\Request))
#26 C:\wamp\www\web\bootstrap\cache\compiled.php(9950): call_user_func(Object(Closure), Object(Illuminate\Http\Request))
#27 C:\wamp\www\web\bootstrap\cache\compiled.php(2366): Illuminate\Pipeline\Pipeline->then(Object(Closure))
#28 C:\wamp\www\web\bootstrap\cache\compiled.php(2350): Illuminate\Foundation\Http\Kernel->sendRequestThroughRouter(Object(Illuminate\Http\Request))
#29 C:\wamp\www\web\public\index.php(53): Illuminate\Foundation\Http\Kernel->handle(Object(Illuminate\Http\Request))
#30 {main}  
[2017-03-08 17:24:20] production.ERROR: RuntimeException: No supported encrypter found. The cipher and / or key length are invalid. in C:\wamp\www\web\bootstrap\cache\compiled.php:7772
Stack trace:
#0 C:\wamp\www\web\bootstrap\cache\compiled.php(7762): Illuminate\Encryption\EncryptionServiceProvider->getEncrypterForKeyAndCipher(NULL, 'AES-256-CBC')
#1 C:\wamp\www\web\bootstrap\cache\compiled.php(1353): Illuminate\Encryption\EncryptionServiceProvider->Illuminate\Encryption\{closure}(Object(Illuminate\Foundation\Application), Array)
#2 C:\wamp\www\web\bootstrap\cache\compiled.php(1309): Illuminate\Container\Container->build(Object(Closure), Array)
#3 C:\wamp\www\web\bootstrap\cache\compiled.php(1874): Illuminate\Container\Container->make('encrypter', Array)
#4 C:\wamp\www\web\bootstrap\cache\compiled.php(1410): Illuminate\Foundation\Application->make('encrypter')
#5 C:\wamp\www\web\bootstrap\cache\compiled.php(1387): Illuminate\Container\Container->resolveClass(Object(ReflectionParameter))
#6 C:\wamp\www\web\bootstrap\cache\compiled.php(1373): Illuminate\Container\Container->getDependencies(Array, Array)
#7 C:\wamp\www\web\bootstrap\cache\compiled.php(1309): Illuminate\Container\Container->build('App\\Http\\Middle...', Array)
#8 C:\wamp\www\web\bootstrap\cache\compiled.php(1874): Illuminate\Container\Container->make('App\\Http\\Middle...', Array)
#9 C:\wamp\www\web\bootstrap\cache\compiled.php(2373): Illuminate\Foundation\Application->make('App\\Http\\Middle...')
#10 C:\wamp\www\web\public\index.php(58): Illuminate\Foundation\Http\Kernel->terminate(Object(Illuminate\Http\Request), Object(Illuminate\Http\Response))
#11 {main}  
[2017-03-08 17:26:30] local.ERROR: RuntimeException: No supported encrypter found. The cipher and / or key length are invalid. in C:\wamp\www\web\bootstrap\cache\compiled.php:7772
Stack trace:
#0 C:\wamp\www\web\bootstrap\cache\compiled.php(7762): Illuminate\Encryption\EncryptionServiceProvider->getEncrypterForKeyAndCipher('SomeRandomStrin...', 'AES-256-CBC')
#1 C:\wamp\www\web\bootstrap\cache\compiled.php(1353): Illuminate\Encryption\EncryptionServiceProvider->Illuminate\Encryption\{closure}(Object(Illuminate\Foundation\Application), Array)
#2 C:\wamp\www\web\bootstrap\cache\compiled.php(1309): Illuminate\Container\Container->build(Object(Closure), Array)
#3 C:\wamp\www\web\bootstrap\cache\compiled.php(1874): Illuminate\Container\Container->make('encrypter', Array)
#4 C:\wamp\www\web\bootstrap\cache\compiled.php(1410): Illuminate\Foundation\Application->make('encrypter')
#5 C:\wamp\www\web\bootstrap\cache\compiled.php(1387): Illuminate\Container\Container->resolveClass(Object(ReflectionParameter))
#6 C:\wamp\www\web\bootstrap\cache\compiled.php(1373): Illuminate\Container\Container->getDependencies(Array, Array)
#7 C:\wamp\www\web\bootstrap\cache\compiled.php(1309): Illuminate\Container\Container->build('App\\Http\\Middle...', Array)
#8 C:\wamp\www\web\bootstrap\cache\compiled.php(1874): Illuminate\Container\Container->make('App\\Http\\Middle...', Array)
#9 C:\wamp\www\web\bootstrap\cache\compiled.php(9960): Illuminate\Foundation\Application->make('App\\Http\\Middle...')
#10 [internal function]: Illuminate\Pipeline\Pipeline->Illuminate\Pipeline\{closure}(Object(Illuminate\Http\Request))
#11 C:\wamp\www\web\vendor\laravel\framework\src\Illuminate\Routing\Pipeline.php(32): call_user_func(Object(Closure), Object(Illuminate\Http\Request))
#12 [internal function]: Illuminate\Routing\Pipeline->Illuminate\Routing\{closure}(Object(Illuminate\Http\Request))
#13 C:\wamp\www\web\bootstrap\cache\compiled.php(9950): call_user_func(Object(Closure), Object(Illuminate\Http\Request))
#14 C:\wamp\www\web\bootstrap\cache\compiled.php(8227): Illuminate\Pipeline\Pipeline->then(Object(Closure))
#15 C:\wamp\www\web\bootstrap\cache\compiled.php(8218): Illuminate\Routing\Router->runRouteWithinStack(Object(Illuminate\Routing\Route), Object(Illuminate\Http\Request))
#16 C:\wamp\www\web\bootstrap\cache\compiled.php(8208): Illuminate\Routing\Router->dispatchToRoute(Object(Illuminate\Http\Request))
#17 C:\wamp\www\web\bootstrap\cache\compiled.php(2419): Illuminate\Routing\Router->dispatch(Object(Illuminate\Http\Request))
#18 [internal function]: Illuminate\Foundation\Http\Kernel->Illuminate\Foundation\Http\{closure}(Object(Illuminate\Http\Request))
#19 C:\wamp\www\web\vendor\laravel\framework\src\Illuminate\Routing\Pipeline.php(52): call_user_func(Object(Closure), Object(Illuminate\Http\Request))
#20 C:\wamp\www\web\bootstrap\cache\compiled.php(3286): Illuminate\Routing\Pipeline->Illuminate\Routing\{closure}(Object(Illuminate\Http\Request))
#21 [internal function]: Illuminate\Foundation\Http\Middleware\CheckForMaintenanceMode->handle(Object(Illuminate\Http\Request), Object(Closure))
#22 C:\wamp\www\web\bootstrap\cache\compiled.php(9965): call_user_func_array(Array, Array)
#23 [internal function]: Illuminate\Pipeline\Pipeline->Illuminate\Pipeline\{closure}(Object(Illuminate\Http\Request))
#24 C:\wamp\www\web\vendor\laravel\framework\src\Illuminate\Routing\Pipeline.php(32): call_user_func(Object(Closure), Object(Illuminate\Http\Request))
#25 [internal function]: Illuminate\Routing\Pipeline->Illuminate\Routing\{closure}(Object(Illuminate\Http\Request))
#26 C:\wamp\www\web\bootstrap\cache\compiled.php(9950): call_user_func(Object(Closure), Object(Illuminate\Http\Request))
#27 C:\wamp\www\web\bootstrap\cache\compiled.php(2366): Illuminate\Pipeline\Pipeline->then(Object(Closure))
#28 C:\wamp\www\web\bootstrap\cache\compiled.php(2350): Illuminate\Foundation\Http\Kernel->sendRequestThroughRouter(Object(Illuminate\Http\Request))
#29 C:\wamp\www\web\public\index.php(53): Illuminate\Foundation\Http\Kernel->handle(Object(Illuminate\Http\Request))
#30 {main}  
[2017-03-08 17:26:30] local.ERROR: RuntimeException: No supported encrypter found. The cipher and / or key length are invalid. in C:\wamp\www\web\bootstrap\cache\compiled.php:7772
Stack trace:
#0 C:\wamp\www\web\bootstrap\cache\compiled.php(7762): Illuminate\Encryption\EncryptionServiceProvider->getEncrypterForKeyAndCipher('SomeRandomStrin...', 'AES-256-CBC')
#1 C:\wamp\www\web\bootstrap\cache\compiled.php(1353): Illuminate\Encryption\EncryptionServiceProvider->Illuminate\Encryption\{closure}(Object(Illuminate\Foundation\Application), Array)
#2 C:\wamp\www\web\bootstrap\cache\compiled.php(1309): Illuminate\Container\Container->build(Object(Closure), Array)
#3 C:\wamp\www\web\bootstrap\cache\compiled.php(1874): Illuminate\Container\Container->make('encrypter', Array)
#4 C:\wamp\www\web\bootstrap\cache\compiled.php(1410): Illuminate\Foundation\Application->make('encrypter')
#5 C:\wamp\www\web\bootstrap\cache\compiled.php(1387): Illuminate\Container\Container->resolveClass(Object(ReflectionParameter))
#6 C:\wamp\www\web\bootstrap\cache\compiled.php(1373): Illuminate\Container\Container->getDependencies(Array, Array)
#7 C:\wamp\www\web\bootstrap\cache\compiled.php(1309): Illuminate\Container\Container->build('App\\Http\\Middle...', Array)
#8 C:\wamp\www\web\bootstrap\cache\compiled.php(1874): Illuminate\Container\Container->make('App\\Http\\Middle...', Array)
#9 C:\wamp\www\web\bootstrap\cache\compiled.php(2373): Illuminate\Foundation\Application->make('App\\Http\\Middle...')
#10 C:\wamp\www\web\public\index.php(58): Illuminate\Foundation\Http\Kernel->terminate(Object(Illuminate\Http\Request), Object(Illuminate\Http\Response))
#11 {main}  
[2017-03-08 17:27:45] local.ERROR: RuntimeException: No supported encrypter found. The cipher and / or key length are invalid. in C:\wamp\www\web\bootstrap\cache\compiled.php:7772
Stack trace:
#0 C:\wamp\www\web\bootstrap\cache\compiled.php(7762): Illuminate\Encryption\EncryptionServiceProvider->getEncrypterForKeyAndCipher('SomeRandomStrin...', 'AES-256-CBC')
#1 C:\wamp\www\web\bootstrap\cache\compiled.php(1353): Illuminate\Encryption\EncryptionServiceProvider->Illuminate\Encryption\{closure}(Object(Illuminate\Foundation\Application), Array)
#2 C:\wamp\www\web\bootstrap\cache\compiled.php(1309): Illuminate\Container\Container->build(Object(Closure), Array)
#3 C:\wamp\www\web\bootstrap\cache\compiled.php(1874): Illuminate\Container\Container->make('encrypter', Array)
#4 C:\wamp\www\web\bootstrap\cache\compiled.php(1410): Illuminate\Foundation\Application->make('encrypter')
#5 C:\wamp\www\web\bootstrap\cache\compiled.php(1387): Illuminate\Container\Container->resolveClass(Object(ReflectionParameter))
#6 C:\wamp\www\web\bootstrap\cache\compiled.php(1373): Illuminate\Container\Container->getDependencies(Array, Array)
#7 C:\wamp\www\web\bootstrap\cache\compiled.php(1309): Illuminate\Container\Container->build('App\\Http\\Middle...', Array)
#8 C:\wamp\www\web\bootstrap\cache\compiled.php(1874): Illuminate\Container\Container->make('App\\Http\\Middle...', Array)
#9 C:\wamp\www\web\bootstrap\cache\compiled.php(9960): Illuminate\Foundation\Application->make('App\\Http\\Middle...')
#10 [internal function]: Illuminate\Pipeline\Pipeline->Illuminate\Pipeline\{closure}(Object(Illuminate\Http\Request))
#11 C:\wamp\www\web\vendor\laravel\framework\src\Illuminate\Routing\Pipeline.php(32): call_user_func(Object(Closure), Object(Illuminate\Http\Request))
#12 [internal function]: Illuminate\Routing\Pipeline->Illuminate\Routing\{closure}(Object(Illuminate\Http\Request))
#13 C:\wamp\www\web\bootstrap\cache\compiled.php(9950): call_user_func(Object(Closure), Object(Illuminate\Http\Request))
#14 C:\wamp\www\web\bootstrap\cache\compiled.php(8227): Illuminate\Pipeline\Pipeline->then(Object(Closure))
#15 C:\wamp\www\web\bootstrap\cache\compiled.php(8218): Illuminate\Routing\Router->runRouteWithinStack(Object(Illuminate\Routing\Route), Object(Illuminate\Http\Request))
#16 C:\wamp\www\web\bootstrap\cache\compiled.php(8208): Illuminate\Routing\Router->dispatchToRoute(Object(Illuminate\Http\Request))
#17 C:\wamp\www\web\bootstrap\cache\compiled.php(2419): Illuminate\Routing\Router->dispatch(Object(Illuminate\Http\Request))
#18 [internal function]: Illuminate\Foundation\Http\Kernel->Illuminate\Foundation\Http\{closure}(Object(Illuminate\Http\Request))
#19 C:\wamp\www\web\vendor\laravel\framework\src\Illuminate\Routing\Pipeline.php(52): call_user_func(Object(Closure), Object(Illuminate\Http\Request))
#20 C:\wamp\www\web\bootstrap\cache\compiled.php(3286): Illuminate\Routing\Pipeline->Illuminate\Routing\{closure}(Object(Illuminate\Http\Request))
#21 [internal function]: Illuminate\Foundation\Http\Middleware\CheckForMaintenanceMode->handle(Object(Illuminate\Http\Request), Object(Closure))
#22 C:\wamp\www\web\bootstrap\cache\compiled.php(9965): call_user_func_array(Array, Array)
#23 [internal function]: Illuminate\Pipeline\Pipeline->Illuminate\Pipeline\{closure}(Object(Illuminate\Http\Request))
#24 C:\wamp\www\web\vendor\laravel\framework\src\Illuminate\Routing\Pipeline.php(32): call_user_func(Object(Closure), Object(Illuminate\Http\Request))
#25 [internal function]: Illuminate\Routing\Pipeline->Illuminate\Routing\{closure}(Object(Illuminate\Http\Request))
#26 C:\wamp\www\web\bootstrap\cache\compiled.php(9950): call_user_func(Object(Closure), Object(Illuminate\Http\Request))
#27 C:\wamp\www\web\bootstrap\cache\compiled.php(2366): Illuminate\Pipeline\Pipeline->then(Object(Closure))
#28 C:\wamp\www\web\bootstrap\cache\compiled.php(2350): Illuminate\Foundation\Http\Kernel->sendRequestThroughRouter(Object(Illuminate\Http\Request))
#29 C:\wamp\www\web\public\index.php(53): Illuminate\Foundation\Http\Kernel->handle(Object(Illuminate\Http\Request))
#30 {main}  
[2017-03-08 17:27:45] local.ERROR: RuntimeException: No supported encrypter found. The cipher and / or key length are invalid. in C:\wamp\www\web\bootstrap\cache\compiled.php:7772
Stack trace:
#0 C:\wamp\www\web\bootstrap\cache\compiled.php(7762): Illuminate\Encryption\EncryptionServiceProvider->getEncrypterForKeyAndCipher('SomeRandomStrin...', 'AES-256-CBC')
#1 C:\wamp\www\web\bootstrap\cache\compiled.php(1353): Illuminate\Encryption\EncryptionServiceProvider->Illuminate\Encryption\{closure}(Object(Illuminate\Foundation\Application), Array)
#2 C:\wamp\www\web\bootstrap\cache\compiled.php(1309): Illuminate\Container\Container->build(Object(Closure), Array)
#3 C:\wamp\www\web\bootstrap\cache\compiled.php(1874): Illuminate\Container\Container->make('encrypter', Array)
#4 C:\wamp\www\web\bootstrap\cache\compiled.php(1410): Illuminate\Foundation\Application->make('encrypter')
#5 C:\wamp\www\web\bootstrap\cache\compiled.php(1387): Illuminate\Container\Container->resolveClass(Object(ReflectionParameter))
#6 C:\wamp\www\web\bootstrap\cache\compiled.php(1373): Illuminate\Container\Container->getDependencies(Array, Array)
#7 C:\wamp\www\web\bootstrap\cache\compiled.php(1309): Illuminate\Container\Container->build('App\\Http\\Middle...', Array)
#8 C:\wamp\www\web\bootstrap\cache\compiled.php(1874): Illuminate\Container\Container->make('App\\Http\\Middle...', Array)
#9 C:\wamp\www\web\bootstrap\cache\compiled.php(2373): Illuminate\Foundation\Application->make('App\\Http\\Middle...')
#10 C:\wamp\www\web\public\index.php(58): Illuminate\Foundation\Http\Kernel->terminate(Object(Illuminate\Http\Request), Object(Illuminate\Http\Response))
#11 {main}  
[2017-03-08 17:30:50] local.ERROR: RuntimeException: No supported encrypter found. The cipher and / or key length are invalid. in C:\wamp\www\web\bootstrap\cache\compiled.php:7772
Stack trace:
#0 C:\wamp\www\web\bootstrap\cache\compiled.php(7762): Illuminate\Encryption\EncryptionServiceProvider->getEncrypterForKeyAndCipher('SomeRandomStrin...', 'AES-256-CBC')
#1 C:\wamp\www\web\bootstrap\cache\compiled.php(1353): Illuminate\Encryption\EncryptionServiceProvider->Illuminate\Encryption\{closure}(Object(Illuminate\Foundation\Application), Array)
#2 C:\wamp\www\web\bootstrap\cache\compiled.php(1309): Illuminate\Container\Container->build(Object(Closure), Array)
#3 C:\wamp\www\web\bootstrap\cache\compiled.php(1874): Illuminate\Container\Container->make('encrypter', Array)
#4 C:\wamp\www\web\bootstrap\cache\compiled.php(1410): Illuminate\Foundation\Application->make('encrypter')
#5 C:\wamp\www\web\bootstrap\cache\compiled.php(1387): Illuminate\Container\Container->resolveClass(Object(ReflectionParameter))
#6 C:\wamp\www\web\bootstrap\cache\compiled.php(1373): Illuminate\Container\Container->getDependencies(Array, Array)
#7 C:\wamp\www\web\bootstrap\cache\compiled.php(1309): Illuminate\Container\Container->build('App\\Http\\Middle...', Array)
#8 C:\wamp\www\web\bootstrap\cache\compiled.php(1874): Illuminate\Container\Container->make('App\\Http\\Middle...', Array)
#9 C:\wamp\www\web\bootstrap\cache\compiled.php(9960): Illuminate\Foundation\Application->make('App\\Http\\Middle...')
#10 [internal function]: Illuminate\Pipeline\Pipeline->Illuminate\Pipeline\{closure}(Object(Illuminate\Http\Request))
#11 C:\wamp\www\web\vendor\laravel\framework\src\Illuminate\Routing\Pipeline.php(32): call_user_func(Object(Closure), Object(Illuminate\Http\Request))
#12 [internal function]: Illuminate\Routing\Pipeline->Illuminate\Routing\{closure}(Object(Illuminate\Http\Request))
#13 C:\wamp\www\web\bootstrap\cache\compiled.php(9950): call_user_func(Object(Closure), Object(Illuminate\Http\Request))
#14 C:\wamp\www\web\bootstrap\cache\compiled.php(8227): Illuminate\Pipeline\Pipeline->then(Object(Closure))
#15 C:\wamp\www\web\bootstrap\cache\compiled.php(8218): Illuminate\Routing\Router->runRouteWithinStack(Object(Illuminate\Routing\Route), Object(Illuminate\Http\Request))
#16 C:\wamp\www\web\bootstrap\cache\compiled.php(8208): Illuminate\Routing\Router->dispatchToRoute(Object(Illuminate\Http\Request))
#17 C:\wamp\www\web\bootstrap\cache\compiled.php(2419): Illuminate\Routing\Router->dispatch(Object(Illuminate\Http\Request))
#18 [internal function]: Illuminate\Foundation\Http\Kernel->Illuminate\Foundation\Http\{closure}(Object(Illuminate\Http\Request))
#19 C:\wamp\www\web\vendor\laravel\framework\src\Illuminate\Routing\Pipeline.php(52): call_user_func(Object(Closure), Object(Illuminate\Http\Request))
#20 C:\wamp\www\web\bootstrap\cache\compiled.php(3286): Illuminate\Routing\Pipeline->Illuminate\Routing\{closure}(Object(Illuminate\Http\Request))
#21 [internal function]: Illuminate\Foundation\Http\Middleware\CheckForMaintenanceMode->handle(Object(Illuminate\Http\Request), Object(Closure))
#22 C:\wamp\www\web\bootstrap\cache\compiled.php(9965): call_user_func_array(Array, Array)
#23 [internal function]: Illuminate\Pipeline\Pipeline->Illuminate\Pipeline\{closure}(Object(Illuminate\Http\Request))
#24 C:\wamp\www\web\vendor\laravel\framework\src\Illuminate\Routing\Pipeline.php(32): call_user_func(Object(Closure), Object(Illuminate\Http\Request))
#25 [internal function]: Illuminate\Routing\Pipeline->Illuminate\Routing\{closure}(Object(Illuminate\Http\Request))
#26 C:\wamp\www\web\bootstrap\cache\compiled.php(9950): call_user_func(Object(Closure), Object(Illuminate\Http\Request))
#27 C:\wamp\www\web\bootstrap\cache\compiled.php(2366): Illuminate\Pipeline\Pipeline->then(Object(Closure))
#28 C:\wamp\www\web\bootstrap\cache\compiled.php(2350): Illuminate\Foundation\Http\Kernel->sendRequestThroughRouter(Object(Illuminate\Http\Request))
#29 C:\wamp\www\web\public\index.php(53): Illuminate\Foundation\Http\Kernel->handle(Object(Illuminate\Http\Request))
#30 {main}  
[2017-03-08 17:30:50] local.ERROR: RuntimeException: No supported encrypter found. The cipher and / or key length are invalid. in C:\wamp\www\web\bootstrap\cache\compiled.php:7772
Stack trace:
#0 C:\wamp\www\web\bootstrap\cache\compiled.php(7762): Illuminate\Encryption\EncryptionServiceProvider->getEncrypterForKeyAndCipher('SomeRandomStrin...', 'AES-256-CBC')
#1 C:\wamp\www\web\bootstrap\cache\compiled.php(1353): Illuminate\Encryption\EncryptionServiceProvider->Illuminate\Encryption\{closure}(Object(Illuminate\Foundation\Application), Array)
#2 C:\wamp\www\web\bootstrap\cache\compiled.php(1309): Illuminate\Container\Container->build(Object(Closure), Array)
#3 C:\wamp\www\web\bootstrap\cache\compiled.php(1874): Illuminate\Container\Container->make('encrypter', Array)
#4 C:\wamp\www\web\bootstrap\cache\compiled.php(1410): Illuminate\Foundation\Application->make('encrypter')
#5 C:\wamp\www\web\bootstrap\cache\compiled.php(1387): Illuminate\Container\Container->resolveClass(Object(ReflectionParameter))
#6 C:\wamp\www\web\bootstrap\cache\compiled.php(1373): Illuminate\Container\Container->getDependencies(Array, Array)
#7 C:\wamp\www\web\bootstrap\cache\compiled.php(1309): Illuminate\Container\Container->build('App\\Http\\Middle...', Array)
#8 C:\wamp\www\web\bootstrap\cache\compiled.php(1874): Illuminate\Container\Container->make('App\\Http\\Middle...', Array)
#9 C:\wamp\www\web\bootstrap\cache\compiled.php(2373): Illuminate\Foundation\Application->make('App\\Http\\Middle...')
#10 C:\wamp\www\web\public\index.php(58): Illuminate\Foundation\Http\Kernel->terminate(Object(Illuminate\Http\Request), Object(Illuminate\Http\Response))
#11 {main}  
[2017-03-08 17:31:20] local.ERROR: RuntimeException: No supported encrypter found. The cipher and / or key length are invalid. in C:\wamp\www\web\bootstrap\cache\compiled.php:7772
Stack trace:
#0 C:\wamp\www\web\bootstrap\cache\compiled.php(7762): Illuminate\Encryption\EncryptionServiceProvider->getEncrypterForKeyAndCipher('SomeRandomStrin...', 'AES-256-CBC')
#1 C:\wamp\www\web\bootstrap\cache\compiled.php(1353): Illuminate\Encryption\EncryptionServiceProvider->Illuminate\Encryption\{closure}(Object(Illuminate\Foundation\Application), Array)
#2 C:\wamp\www\web\bootstrap\cache\compiled.php(1309): Illuminate\Container\Container->build(Object(Closure), Array)
#3 C:\wamp\www\web\bootstrap\cache\compiled.php(1874): Illuminate\Container\Container->make('encrypter', Array)
#4 C:\wamp\www\web\bootstrap\cache\compiled.php(1410): Illuminate\Foundation\Application->make('encrypter')
#5 C:\wamp\www\web\bootstrap\cache\compiled.php(1387): Illuminate\Container\Container->resolveClass(Object(ReflectionParameter))
#6 C:\wamp\www\web\bootstrap\cache\compiled.php(1373): Illuminate\Container\Container->getDependencies(Array, Array)
#7 C:\wamp\www\web\bootstrap\cache\compiled.php(1309): Illuminate\Container\Container->build('App\\Http\\Middle...', Array)
#8 C:\wamp\www\web\bootstrap\cache\compiled.php(1874): Illuminate\Container\Container->make('App\\Http\\Middle...', Array)
#9 C:\wamp\www\web\bootstrap\cache\compiled.php(9960): Illuminate\Foundation\Application->make('App\\Http\\Middle...')
#10 [internal function]: Illuminate\Pipeline\Pipeline->Illuminate\Pipeline\{closure}(Object(Illuminate\Http\Request))
#11 C:\wamp\www\web\vendor\laravel\framework\src\Illuminate\Routing\Pipeline.php(32): call_user_func(Object(Closure), Object(Illuminate\Http\Request))
#12 [internal function]: Illuminate\Routing\Pipeline->Illuminate\Routing\{closure}(Object(Illuminate\Http\Request))
#13 C:\wamp\www\web\bootstrap\cache\compiled.php(9950): call_user_func(Object(Closure), Object(Illuminate\Http\Request))
#14 C:\wamp\www\web\bootstrap\cache\compiled.php(8227): Illuminate\Pipeline\Pipeline->then(Object(Closure))
#15 C:\wamp\www\web\bootstrap\cache\compiled.php(8218): Illuminate\Routing\Router->runRouteWithinStack(Object(Illuminate\Routing\Route), Object(Illuminate\Http\Request))
#16 C:\wamp\www\web\bootstrap\cache\compiled.php(8208): Illuminate\Routing\Router->dispatchToRoute(Object(Illuminate\Http\Request))
#17 C:\wamp\www\web\bootstrap\cache\compiled.php(2419): Illuminate\Routing\Router->dispatch(Object(Illuminate\Http\Request))
#18 [internal function]: Illuminate\Foundation\Http\Kernel->Illuminate\Foundation\Http\{closure}(Object(Illuminate\Http\Request))
#19 C:\wamp\www\web\vendor\laravel\framework\src\Illuminate\Routing\Pipeline.php(52): call_user_func(Object(Closure), Object(Illuminate\Http\Request))
#20 C:\wamp\www\web\bootstrap\cache\compiled.php(3286): Illuminate\Routing\Pipeline->Illuminate\Routing\{closure}(Object(Illuminate\Http\Request))
#21 [internal function]: Illuminate\Foundation\Http\Middleware\CheckForMaintenanceMode->handle(Object(Illuminate\Http\Request), Object(Closure))
#22 C:\wamp\www\web\bootstrap\cache\compiled.php(9965): call_user_func_array(Array, Array)
#23 [internal function]: Illuminate\Pipeline\Pipeline->Illuminate\Pipeline\{closure}(Object(Illuminate\Http\Request))
#24 C:\wamp\www\web\vendor\laravel\framework\src\Illuminate\Routing\Pipeline.php(32): call_user_func(Object(Closure), Object(Illuminate\Http\Request))
#25 [internal function]: Illuminate\Routing\Pipeline->Illuminate\Routing\{closure}(Object(Illuminate\Http\Request))
#26 C:\wamp\www\web\bootstrap\cache\compiled.php(9950): call_user_func(Object(Closure), Object(Illuminate\Http\Request))
#27 C:\wamp\www\web\bootstrap\cache\compiled.php(2366): Illuminate\Pipeline\Pipeline->then(Object(Closure))
#28 C:\wamp\www\web\bootstrap\cache\compiled.php(2350): Illuminate\Foundation\Http\Kernel->sendRequestThroughRouter(Object(Illuminate\Http\Request))
#29 C:\wamp\www\web\public\index.php(53): Illuminate\Foundation\Http\Kernel->handle(Object(Illuminate\Http\Request))
#30 {main}  
[2017-03-08 17:31:20] local.ERROR: RuntimeException: No supported encrypter found. The cipher and / or key length are invalid. in C:\wamp\www\web\bootstrap\cache\compiled.php:7772
Stack trace:
#0 C:\wamp\www\web\bootstrap\cache\compiled.php(7762): Illuminate\Encryption\EncryptionServiceProvider->getEncrypterForKeyAndCipher('SomeRandomStrin...', 'AES-256-CBC')
#1 C:\wamp\www\web\bootstrap\cache\compiled.php(1353): Illuminate\Encryption\EncryptionServiceProvider->Illuminate\Encryption\{closure}(Object(Illuminate\Foundation\Application), Array)
#2 C:\wamp\www\web\bootstrap\cache\compiled.php(1309): Illuminate\Container\Container->build(Object(Closure), Array)
#3 C:\wamp\www\web\bootstrap\cache\compiled.php(1874): Illuminate\Container\Container->make('encrypter', Array)
#4 C:\wamp\www\web\bootstrap\cache\compiled.php(1410): Illuminate\Foundation\Application->make('encrypter')
#5 C:\wamp\www\web\bootstrap\cache\compiled.php(1387): Illuminate\Container\Container->resolveClass(Object(ReflectionParameter))
#6 C:\wamp\www\web\bootstrap\cache\compiled.php(1373): Illuminate\Container\Container->getDependencies(Array, Array)
#7 C:\wamp\www\web\bootstrap\cache\compiled.php(1309): Illuminate\Container\Container->build('App\\Http\\Middle...', Array)
#8 C:\wamp\www\web\bootstrap\cache\compiled.php(1874): Illuminate\Container\Container->make('App\\Http\\Middle...', Array)
#9 C:\wamp\www\web\bootstrap\cache\compiled.php(2373): Illuminate\Foundation\Application->make('App\\Http\\Middle...')
#10 C:\wamp\www\web\public\index.php(58): Illuminate\Foundation\Http\Kernel->terminate(Object(Illuminate\Http\Request), Object(Illuminate\Http\Response))
#11 {main}  
[2017-03-08 17:31:43] local.ERROR: PDOException: SQLSTATE[HY000] [1045] Access denied for user 'homestead'@'localhost' (using password: YES) in C:\wamp\www\web\vendor\laravel\framework\src\Illuminate\Database\Connectors\Connector.php:55
Stack trace:
#0 C:\wamp\www\web\vendor\laravel\framework\src\Illuminate\Database\Connectors\Connector.php(55): PDO->__construct('mysql:host=127....', 'homestead', 'secret', Array)
#1 C:\wamp\www\web\vendor\laravel\framework\src\Illuminate\Database\Connectors\MySqlConnector.php(24): Illuminate\Database\Connectors\Connector->createConnection('mysql:host=127....', Array, Array)
#2 C:\wamp\www\web\bootstrap\cache\compiled.php(11837): Illuminate\Database\Connectors\MySqlConnector->connect(Array)
#3 [internal function]: Illuminate\Database\Connectors\ConnectionFactory->Illuminate\Database\Connectors\{closure}()
#4 C:\wamp\www\web\vendor\laravel\framework\src\Illuminate\Database\Connection.php(920): call_user_func(Object(Closure))
#5 C:\wamp\www\web\vendor\laravel\framework\src\Illuminate\Database\Connection.php(788): Illuminate\Database\Connection->getPdo()
#6 C:\wamp\www\web\vendor\laravel\framework\src\Illuminate\Database\Connection.php(673): Illuminate\Database\Connection->reconnectIfMissingConnection()
#7 C:\wamp\www\web\vendor\laravel\framework\src\Illuminate\Database\Connection.php(347): Illuminate\Database\Connection->run('select * from `...', Array, Object(Closure))
#8 C:\wamp\www\web\vendor\laravel\framework\src\Illuminate\Database\Query\Builder.php(1583): Illuminate\Database\Connection->select('select * from `...', Array, true)
#9 C:\wamp\www\web\vendor\laravel\framework\src\Illuminate\Database\Query\Builder.php(1569): Illuminate\Database\Query\Builder->runSelect()
#10 C:\wamp\www\web\vendor\laravel\framework\src\Illuminate\Database\Eloquent\Builder.php(625): Illuminate\Database\Query\Builder->get(Array)
#11 C:\wamp\www\web\vendor\laravel\framework\src\Illuminate\Database\Eloquent\Builder.php(316): Illuminate\Database\Eloquent\Builder->getModels(Array)
#12 C:\wamp\www\web\app\Http\Controllers\HomeController.php(17): Illuminate\Database\Eloquent\Builder->get()
#13 [internal function]: App\Http\Controllers\HomeController->index()
#14 C:\wamp\www\web\bootstrap\cache\compiled.php(9425): call_user_func_array(Array, Array)
#15 C:\wamp\www\web\bootstrap\cache\compiled.php(9487): Illuminate\Routing\Controller->callAction('index', Array)
#16 C:\wamp\www\web\bootstrap\cache\compiled.php(9467): Illuminate\Routing\ControllerDispatcher->call(Object(App\Http\Controllers\HomeController), Object(Illuminate\Routing\Route), 'index')
#17 [internal function]: Illuminate\Routing\ControllerDispatcher->Illuminate\Routing\{closure}(Object(Illuminate\Http\Request))
#18 C:\wamp\www\web\vendor\laravel\framework\src\Illuminate\Routing\Pipeline.php(52): call_user_func(Object(Closure), Object(Illuminate\Http\Request))
#19 [internal function]: Illuminate\Routing\Pipeline->Illuminate\Routing\{closure}(Object(Illuminate\Http\Request))
#20 C:\wamp\www\web\bootstrap\cache\compiled.php(9950): call_user_func(Object(Closure), Object(Illuminate\Http\Request))
#21 C:\wamp\www\web\bootstrap\cache\compiled.php(9468): Illuminate\Pipeline\Pipeline->then(Object(Closure))
#22 C:\wamp\www\web\bootstrap\cache\compiled.php(9455): Illuminate\Routing\ControllerDispatcher->callWithinStack(Object(App\Http\Controllers\HomeController), Object(Illuminate\Routing\Route), Object(Illuminate\Http\Request), 'index')
#23 C:\wamp\www\web\bootstrap\cache\compiled.php(8525): Illuminate\Routing\ControllerDispatcher->dispatch(Object(Illuminate\Routing\Route), Object(Illuminate\Http\Request), 'App\\Http\\Contro...', 'index')
#24 C:\wamp\www\web\bootstrap\cache\compiled.php(8512): Illuminate\Routing\Route->runController(Object(Illuminate\Http\Request))
#25 C:\wamp\www\web\bootstrap\cache\compiled.php(8226): Illuminate\Routing\Route->run(Object(Illuminate\Http\Request))
#26 [internal function]: Illuminate\Routing\Router->Illuminate\Routing\{closure}(Object(Illuminate\Http\Request))
#27 C:\wamp\www\web\vendor\laravel\framework\src\Illuminate\Routing\Pipeline.php(52): call_user_func(Object(Closure), Object(Illuminate\Http\Request))
#28 C:\wamp\www\web\bootstrap\cache\compiled.php(3225): Illuminate\Routing\Pipeline->Illuminate\Routing\{closure}(Object(Illuminate\Http\Request))
#29 [internal function]: Illuminate\Foundation\Http\Middleware\VerifyCsrfToken->handle(Object(Illuminate\Http\Request), Object(Closure))
#30 C:\wamp\www\web\bootstrap\cache\compiled.php(9965): call_user_func_array(Array, Array)
#31 [internal function]: Illuminate\Pipeline\Pipeline->Illuminate\Pipeline\{closure}(Object(Illuminate\Http\Request))
#32 C:\wamp\www\web\vendor\laravel\framework\src\Illuminate\Routing\Pipeline.php(32): call_user_func(Object(Closure), Object(Illuminate\Http\Request))
#33 C:\wamp\www\web\bootstrap\cache\compiled.php(13463): Illuminate\Routing\Pipeline->Illuminate\Routing\{closure}(Object(Illuminate\Http\Request))
#34 [internal function]: Illuminate\View\Middleware\ShareErrorsFromSession->handle(Object(Illuminate\Http\Request), Object(Closure))
#35 C:\wamp\www\web\bootstrap\cache\compiled.php(9965): call_user_func_array(Array, Array)
#36 [internal function]: Illuminate\Pipeline\Pipeline->Illuminate\Pipeline\{closure}(Object(Illuminate\Http\Request))
#37 C:\wamp\www\web\vendor\laravel\framework\src\Illuminate\Routing\Pipeline.php(32): call_user_func(Object(Closure), Object(Illuminate\Http\Request))
#38 C:\wamp\www\web\bootstrap\cache\compiled.php(11956): Illuminate\Routing\Pipeline->Illuminate\Routing\{closure}(Object(Illuminate\Http\Request))
#39 [internal function]: Illuminate\Session\Middleware\StartSession->handle(Object(Illuminate\Http\Request), Object(Closure))
#40 C:\wamp\www\web\bootstrap\cache\compiled.php(9965): call_user_func_array(Array, Array)
#41 [internal function]: Illuminate\Pipeline\Pipeline->Illuminate\Pipeline\{closure}(Object(Illuminate\Http\Request))
#42 C:\wamp\www\web\vendor\laravel\framework\src\Illuminate\Routing\Pipeline.php(32): call_user_func(Object(Closure), Object(Illuminate\Http\Request))
#43 C:\wamp\www\web\bootstrap\cache\compiled.php(13202): Illuminate\Routing\Pipeline->Illuminate\Routing\{closure}(Object(Illuminate\Http\Request))
#44 [internal function]: Illuminate\Cookie\Middleware\AddQueuedCookiesToResponse->handle(Object(Illuminate\Http\Request), Object(Closure))
#45 C:\wamp\www\web\bootstrap\cache\compiled.php(9965): call_user_func_array(Array, Array)
#46 [internal function]: Illuminate\Pipeline\Pipeline->Illuminate\Pipeline\{closure}(Object(Illuminate\Http\Request))
#47 C:\wamp\www\web\vendor\laravel\framework\src\Illuminate\Routing\Pipeline.php(32): call_user_func(Object(Closure), Object(Illuminate\Http\Request))
#48 C:\wamp\www\web\bootstrap\cache\compiled.php(13139): Illuminate\Routing\Pipeline->Illuminate\Routing\{closure}(Object(Illuminate\Http\Request))
#49 [internal function]: Illuminate\Cookie\Middleware\EncryptCookies->handle(Object(Illuminate\Http\Request), Object(Closure))
#50 C:\wamp\www\web\bootstrap\cache\compiled.php(9965): call_user_func_array(Array, Array)
#51 [internal function]: Illuminate\Pipeline\Pipeline->Illuminate\Pipeline\{closure}(Object(Illuminate\Http\Request))
#52 C:\wamp\www\web\vendor\laravel\framework\src\Illuminate\Routing\Pipeline.php(32): call_user_func(Object(Closure), Object(Illuminate\Http\Request))
#53 [internal function]: Illuminate\Routing\Pipeline->Illuminate\Routing\{closure}(Object(Illuminate\Http\Request))
#54 C:\wamp\www\web\bootstrap\cache\compiled.php(9950): call_user_func(Object(Closure), Object(Illuminate\Http\Request))
#55 C:\wamp\www\web\bootstrap\cache\compiled.php(8227): Illuminate\Pipeline\Pipeline->then(Object(Closure))
#56 C:\wamp\www\web\bootstrap\cache\compiled.php(8218): Illuminate\Routing\Router->runRouteWithinStack(Object(Illuminate\Routing\Route), Object(Illuminate\Http\Request))
#57 C:\wamp\www\web\bootstrap\cache\compiled.php(8208): Illuminate\Routing\Router->dispatchToRoute(Object(Illuminate\Http\Request))
#58 C:\wamp\www\web\bootstrap\cache\compiled.php(2419): Illuminate\Routing\Router->dispatch(Object(Illuminate\Http\Request))
#59 [internal function]: Illuminate\Foundation\Http\Kernel->Illuminate\Foundation\Http\{closure}(Object(Illuminate\Http\Request))
#60 C:\wamp\www\web\vendor\laravel\framework\src\Illuminate\Routing\Pipeline.php(52): call_user_func(Object(Closure), Object(Illuminate\Http\Request))
#61 C:\wamp\www\web\bootstrap\cache\compiled.php(3286): Illuminate\Routing\Pipeline->Illuminate\Routing\{closure}(Object(Illuminate\Http\Request))
#62 [internal function]: Illuminate\Foundation\Http\Middleware\CheckForMaintenanceMode->handle(Object(Illuminate\Http\Request), Object(Closure))
#63 C:\wamp\www\web\bootstrap\cache\compiled.php(9965): call_user_func_array(Array, Array)
#64 [internal function]: Illuminate\Pipeline\Pipeline->Illuminate\Pipeline\{closure}(Object(Illuminate\Http\Request))
#65 C:\wamp\www\web\vendor\laravel\framework\src\Illuminate\Routing\Pipeline.php(32): call_user_func(Object(Closure), Object(Illuminate\Http\Request))
#66 [internal function]: Illuminate\Routing\Pipeline->Illuminate\Routing\{closure}(Object(Illuminate\Http\Request))
#67 C:\wamp\www\web\bootstrap\cache\compiled.php(9950): call_user_func(Object(Closure), Object(Illuminate\Http\Request))
#68 C:\wamp\www\web\bootstrap\cache\compiled.php(2366): Illuminate\Pipeline\Pipeline->then(Object(Closure))
#69 C:\wamp\www\web\bootstrap\cache\compiled.php(2350): Illuminate\Foundation\Http\Kernel->sendRequestThroughRouter(Object(Illuminate\Http\Request))
#70 C:\wamp\www\web\public\index.php(53): Illuminate\Foundation\Http\Kernel->handle(Object(Illuminate\Http\Request))
#71 {main}  
[2017-03-08 17:33:04] local.ERROR: exception 'PDOException' with message 'SQLSTATE[HY000] [1045] Access denied for user 'homestead'@'localhost' (using password: YES)' in C:\wamp\www\web\vendor\laravel\framework\src\Illuminate\Database\Connectors\Connector.php:55
Stack trace:
#0 C:\wamp\www\web\vendor\laravel\framework\src\Illuminate\Database\Connectors\Connector.php(55): PDO->__construct('mysql:host=127....', 'homestead', 'secret', Array)
#1 C:\wamp\www\web\vendor\laravel\framework\src\Illuminate\Database\Connectors\MySqlConnector.php(24): Illuminate\Database\Connectors\Connector->createConnection('mysql:host=127....', Array, Array)
#2 C:\wamp\www\web\bootstrap\cache\compiled.php(11837): Illuminate\Database\Connectors\MySqlConnector->connect(Array)
#3 [internal function]: Illuminate\Database\Connectors\ConnectionFactory->Illuminate\Database\Connectors\{closure}()
#4 C:\wamp\www\web\vendor\laravel\framework\src\Illuminate\Database\Connection.php(920): call_user_func(Object(Closure))
#5 C:\wamp\www\web\vendor\laravel\framework\src\Illuminate\Database\Connection.php(788): Illuminate\Database\Connection->getPdo()
#6 C:\wamp\www\web\vendor\laravel\framework\src\Illuminate\Database\Connection.php(673): Illuminate\Database\Connection->reconnectIfMissingConnection()
#7 C:\wamp\www\web\vendor\laravel\framework\src\Illuminate\Database\Connection.php(347): Illuminate\Database\Connection->run('select * from i...', Array, Object(Closure))
#8 C:\wamp\www\web\vendor\laravel\framework\src\Illuminate\Database\Schema\MySqlBuilder.php(21): Illuminate\Database\Connection->select('select * from i...', Array)
#9 C:\wamp\www\web\vendor\laravel\framework\src\Illuminate\Database\Migrations\DatabaseMigrationRepository.php(141): Illuminate\Database\Schema\MySqlBuilder->hasTable('migrations')
#10 C:\wamp\www\web\vendor\laravel\framework\src\Illuminate\Database\Migrations\Migrator.php(404): Illuminate\Database\Migrations\DatabaseMigrationRepository->repositoryExists()
#11 C:\wamp\www\web\vendor\laravel\framework\src\Illuminate\Database\Console\Migrations\MigrateCommand.php(103): Illuminate\Database\Migrations\Migrator->repositoryExists()
#12 C:\wamp\www\web\vendor\laravel\framework\src\Illuminate\Database\Console\Migrations\MigrateCommand.php(58): Illuminate\Database\Console\Migrations\MigrateCommand->prepareDatabase()
#13 [internal function]: Illuminate\Database\Console\Migrations\MigrateCommand->fire()
#14 C:\wamp\www\web\bootstrap\cache\compiled.php(1257): call_user_func_array(Array, Array)
#15 C:\wamp\www\web\vendor\laravel\framework\src\Illuminate\Console\Command.php(169): Illuminate\Container\Container->call(Array)
#16 C:\wamp\www\web\vendor\symfony\console\Command\Command.php(256): Illuminate\Console\Command->execute(Object(Symfony\Component\Console\Input\ArgvInput), Object(Symfony\Component\Console\Output\ConsoleOutput))
#17 C:\wamp\www\web\vendor\laravel\framework\src\Illuminate\Console\Command.php(155): Symfony\Component\Console\Command\Command->run(Object(Symfony\Component\Console\Input\ArgvInput), Object(Symfony\Component\Console\Output\ConsoleOutput))
#18 C:\wamp\www\web\vendor\symfony\console\Application.php(794): Illuminate\Console\Command->run(Object(Symfony\Component\Console\Input\ArgvInput), Object(Symfony\Component\Console\Output\ConsoleOutput))
#19 C:\wamp\www\web\vendor\symfony\console\Application.php(186): Symfony\Component\Console\Application->doRunCommand(Object(Illuminate\Database\Console\Migrations\MigrateCommand), Object(Symfony\Component\Console\Input\ArgvInput), Object(Symfony\Component\Console\Output\ConsoleOutput))
#20 C:\wamp\www\web\vendor\symfony\console\Application.php(117): Symfony\Component\Console\Application->doRun(Object(Symfony\Component\Console\Input\ArgvInput), Object(Symfony\Component\Console\Output\ConsoleOutput))
#21 C:\wamp\www\web\vendor\laravel\framework\src\Illuminate\Foundation\Console\Kernel.php(107): Symfony\Component\Console\Application->run(Object(Symfony\Component\Console\Input\ArgvInput), Object(Symfony\Component\Console\Output\ConsoleOutput))
#22 C:\wamp\www\web\artisan(36): Illuminate\Foundation\Console\Kernel->handle(Object(Symfony\Component\Console\Input\ArgvInput), Object(Symfony\Component\Console\Output\ConsoleOutput))
#23 {main}  
[2017-03-09 10:57:54] local.ERROR: Symfony\Component\Debug\Exception\FatalThrowableError: Class 'App\Http\Controllers\Auth' not found in C:\wamp\www\web\app\Http\Controllers\AdminController.php:13
Stack trace:
#0 [internal function]: App\Http\Controllers\AdminController->index()
#1 C:\wamp\www\web\bootstrap\cache\compiled.php(9425): call_user_func_array(Array, Array)
#2 C:\wamp\www\web\bootstrap\cache\compiled.php(9487): Illuminate\Routing\Controller->callAction('index', Array)
#3 C:\wamp\www\web\bootstrap\cache\compiled.php(9467): Illuminate\Routing\ControllerDispatcher->call(Object(App\Http\Controllers\AdminController), Object(Illuminate\Routing\Route), 'index')
#4 [internal function]: Illuminate\Routing\ControllerDispatcher->Illuminate\Routing\{closure}(Object(Illuminate\Http\Request))
#5 C:\wamp\www\web\vendor\laravel\framework\src\Illuminate\Routing\Pipeline.php(52): call_user_func(Object(Closure), Object(Illuminate\Http\Request))
#6 [internal function]: Illuminate\Routing\Pipeline->Illuminate\Routing\{closure}(Object(Illuminate\Http\Request))
#7 C:\wamp\www\web\bootstrap\cache\compiled.php(9950): call_user_func(Object(Closure), Object(Illuminate\Http\Request))
#8 C:\wamp\www\web\bootstrap\cache\compiled.php(9468): Illuminate\Pipeline\Pipeline->then(Object(Closure))
#9 C:\wamp\www\web\bootstrap\cache\compiled.php(9455): Illuminate\Routing\ControllerDispatcher->callWithinStack(Object(App\Http\Controllers\AdminController), Object(Illuminate\Routing\Route), Object(Illuminate\Http\Request), 'index')
#10 C:\wamp\www\web\bootstrap\cache\compiled.php(8525): Illuminate\Routing\ControllerDispatcher->dispatch(Object(Illuminate\Routing\Route), Object(Illuminate\Http\Request), 'App\\Http\\Contro...', 'index')
#11 C:\wamp\www\web\bootstrap\cache\compiled.php(8512): Illuminate\Routing\Route->runController(Object(Illuminate\Http\Request))
#12 C:\wamp\www\web\bootstrap\cache\compiled.php(8226): Illuminate\Routing\Route->run(Object(Illuminate\Http\Request))
#13 [internal function]: Illuminate\Routing\Router->Illuminate\Routing\{closure}(Object(Illuminate\Http\Request))
#14 C:\wamp\www\web\vendor\laravel\framework\src\Illuminate\Routing\Pipeline.php(52): call_user_func(Object(Closure), Object(Illuminate\Http\Request))
#15 C:\wamp\www\web\app\Http\Middleware\CheckIfAdmin.php(23): Illuminate\Routing\Pipeline->Illuminate\Routing\{closure}(Object(Illuminate\Http\Request))
#16 [internal function]: App\Http\Middleware\CheckIfAdmin->handle(Object(Illuminate\Http\Request), Object(Closure))
#17 C:\wamp\www\web\bootstrap\cache\compiled.php(9965): call_user_func_array(Array, Array)
#18 [internal function]: Illuminate\Pipeline\Pipeline->Illuminate\Pipeline\{closure}(Object(Illuminate\Http\Request))
#19 C:\wamp\www\web\vendor\laravel\framework\src\Illuminate\Routing\Pipeline.php(32): call_user_func(Object(Closure), Object(Illuminate\Http\Request))
#20 C:\wamp\www\web\bootstrap\cache\compiled.php(3225): Illuminate\Routing\Pipeline->Illuminate\Routing\{closure}(Object(Illuminate\Http\Request))
#21 [internal function]: Illuminate\Foundation\Http\Middleware\VerifyCsrfToken->handle(Object(Illuminate\Http\Request), Object(Closure))
#22 C:\wamp\www\web\bootstrap\cache\compiled.php(9965): call_user_func_array(Array, Array)
#23 [internal function]: Illuminate\Pipeline\Pipeline->Illuminate\Pipeline\{closure}(Object(Illuminate\Http\Request))
#24 C:\wamp\www\web\vendor\laravel\framework\src\Illuminate\Routing\Pipeline.php(32): call_user_func(Object(Closure), Object(Illuminate\Http\Request))
#25 C:\wamp\www\web\bootstrap\cache\compiled.php(13463): Illuminate\Routing\Pipeline->Illuminate\Routing\{closure}(Object(Illuminate\Http\Request))
#26 [internal function]: Illuminate\View\Middleware\ShareErrorsFromSession->handle(Object(Illuminate\Http\Request), Object(Closure))
#27 C:\wamp\www\web\bootstrap\cache\compiled.php(9965): call_user_func_array(Array, Array)
#28 [internal function]: Illuminate\Pipeline\Pipeline->Illuminate\Pipeline\{closure}(Object(Illuminate\Http\Request))
#29 C:\wamp\www\web\vendor\laravel\framework\src\Illuminate\Routing\Pipeline.php(32): call_user_func(Object(Closure), Object(Illuminate\Http\Request))
#30 C:\wamp\www\web\bootstrap\cache\compiled.php(11956): Illuminate\Routing\Pipeline->Illuminate\Routing\{closure}(Object(Illuminate\Http\Request))
#31 [internal function]: Illuminate\Session\Middleware\StartSession->handle(Object(Illuminate\Http\Request), Object(Closure))
#32 C:\wamp\www\web\bootstrap\cache\compiled.php(9965): call_user_func_array(Array, Array)
#33 [internal function]: Illuminate\Pipeline\Pipeline->Illuminate\Pipeline\{closure}(Object(Illuminate\Http\Request))
#34 C:\wamp\www\web\vendor\laravel\framework\src\Illuminate\Routing\Pipeline.php(32): call_user_func(Object(Closure), Object(Illuminate\Http\Request))
#35 C:\wamp\www\web\bootstrap\cache\compiled.php(13202): Illuminate\Routing\Pipeline->Illuminate\Routing\{closure}(Object(Illuminate\Http\Request))
#36 [internal function]: Illuminate\Cookie\Middleware\AddQueuedCookiesToResponse->handle(Object(Illuminate\Http\Request), Object(Closure))
#37 C:\wamp\www\web\bootstrap\cache\compiled.php(9965): call_user_func_array(Array, Array)
#38 [internal function]: Illuminate\Pipeline\Pipeline->Illuminate\Pipeline\{closure}(Object(Illuminate\Http\Request))
#39 C:\wamp\www\web\vendor\laravel\framework\src\Illuminate\Routing\Pipeline.php(32): call_user_func(Object(Closure), Object(Illuminate\Http\Request))
#40 C:\wamp\www\web\bootstrap\cache\compiled.php(13139): Illuminate\Routing\Pipeline->Illuminate\Routing\{closure}(Object(Illuminate\Http\Request))
#41 [internal function]: Illuminate\Cookie\Middleware\EncryptCookies->handle(Object(Illuminate\Http\Request), Object(Closure))
#42 C:\wamp\www\web\bootstrap\cache\compiled.php(9965): call_user_func_array(Array, Array)
#43 [internal function]: Illuminate\Pipeline\Pipeline->Illuminate\Pipeline\{closure}(Object(Illuminate\Http\Request))
#44 C:\wamp\www\web\vendor\laravel\framework\src\Illuminate\Routing\Pipeline.php(32): call_user_func(Object(Closure), Object(Illuminate\Http\Request))
#45 [internal function]: Illuminate\Routing\Pipeline->Illuminate\Routing\{closure}(Object(Illuminate\Http\Request))
#46 C:\wamp\www\web\bootstrap\cache\compiled.php(9950): call_user_func(Object(Closure), Object(Illuminate\Http\Request))
#47 C:\wamp\www\web\bootstrap\cache\compiled.php(8227): Illuminate\Pipeline\Pipeline->then(Object(Closure))
#48 C:\wamp\www\web\bootstrap\cache\compiled.php(8218): Illuminate\Routing\Router->runRouteWithinStack(Object(Illuminate\Routing\Route), Object(Illuminate\Http\Request))
#49 C:\wamp\www\web\bootstrap\cache\compiled.php(8208): Illuminate\Routing\Router->dispatchToRoute(Object(Illuminate\Http\Request))
#50 C:\wamp\www\web\bootstrap\cache\compiled.php(2419): Illuminate\Routing\Router->dispatch(Object(Illuminate\Http\Request))
#51 [internal function]: Illuminate\Foundation\Http\Kernel->Illuminate\Foundation\Http\{closure}(Object(Illuminate\Http\Request))
#52 C:\wamp\www\web\vendor\laravel\framework\src\Illuminate\Routing\Pipeline.php(52): call_user_func(Object(Closure), Object(Illuminate\Http\Request))
#53 C:\wamp\www\web\bootstrap\cache\compiled.php(3286): Illuminate\Routing\Pipeline->Illuminate\Routing\{closure}(Object(Illuminate\Http\Request))
#54 [internal function]: Illuminate\Foundation\Http\Middleware\CheckForMaintenanceMode->handle(Object(Illuminate\Http\Request), Object(Closure))
#55 C:\wamp\www\web\bootstrap\cache\compiled.php(9965): call_user_func_array(Array, Array)
#56 [internal function]: Illuminate\Pipeline\Pipeline->Illuminate\Pipeline\{closure}(Object(Illuminate\Http\Request))
#57 C:\wamp\www\web\vendor\laravel\framework\src\Illuminate\Routing\Pipeline.php(32): call_user_func(Object(Closure), Object(Illuminate\Http\Request))
#58 [internal function]: Illuminate\Routing\Pipeline->Illuminate\Routing\{closure}(Object(Illuminate\Http\Request))
#59 C:\wamp\www\web\bootstrap\cache\compiled.php(9950): call_user_func(Object(Closure), Object(Illuminate\Http\Request))
#60 C:\wamp\www\web\bootstrap\cache\compiled.php(2366): Illuminate\Pipeline\Pipeline->then(Object(Closure))
#61 C:\wamp\www\web\bootstrap\cache\compiled.php(2350): Illuminate\Foundation\Http\Kernel->sendRequestThroughRouter(Object(Illuminate\Http\Request))
#62 C:\wamp\www\web\public\index.php(53): Illuminate\Foundation\Http\Kernel->handle(Object(Illuminate\Http\Request))
#63 {main}  
[2017-03-09 10:58:25] local.ERROR: Symfony\Component\Debug\Exception\FatalThrowableError: Class 'App\Http\Controllers\Auth' not found in C:\wamp\www\web\app\Http\Controllers\AdminController.php:13
Stack trace:
#0 [internal function]: App\Http\Controllers\AdminController->index()
#1 C:\wamp\www\web\bootstrap\cache\compiled.php(9425): call_user_func_array(Array, Array)
#2 C:\wamp\www\web\bootstrap\cache\compiled.php(9487): Illuminate\Routing\Controller->callAction('index', Array)
#3 C:\wamp\www\web\bootstrap\cache\compiled.php(9467): Illuminate\Routing\ControllerDispatcher->call(Object(App\Http\Controllers\AdminController), Object(Illuminate\Routing\Route), 'index')
#4 [internal function]: Illuminate\Routing\ControllerDispatcher->Illuminate\Routing\{closure}(Object(Illuminate\Http\Request))
#5 C:\wamp\www\web\vendor\laravel\framework\src\Illuminate\Routing\Pipeline.php(52): call_user_func(Object(Closure), Object(Illuminate\Http\Request))
#6 [internal function]: Illuminate\Routing\Pipeline->Illuminate\Routing\{closure}(Object(Illuminate\Http\Request))
#7 C:\wamp\www\web\bootstrap\cache\compiled.php(9950): call_user_func(Object(Closure), Object(Illuminate\Http\Request))
#8 C:\wamp\www\web\bootstrap\cache\compiled.php(9468): Illuminate\Pipeline\Pipeline->then(Object(Closure))
#9 C:\wamp\www\web\bootstrap\cache\compiled.php(9455): Illuminate\Routing\ControllerDispatcher->callWithinStack(Object(App\Http\Controllers\AdminController), Object(Illuminate\Routing\Route), Object(Illuminate\Http\Request), 'index')
#10 C:\wamp\www\web\bootstrap\cache\compiled.php(8525): Illuminate\Routing\ControllerDispatcher->dispatch(Object(Illuminate\Routing\Route), Object(Illuminate\Http\Request), 'App\\Http\\Contro...', 'index')
#11 C:\wamp\www\web\bootstrap\cache\compiled.php(8512): Illuminate\Routing\Route->runController(Object(Illuminate\Http\Request))
#12 C:\wamp\www\web\bootstrap\cache\compiled.php(8226): Illuminate\Routing\Route->run(Object(Illuminate\Http\Request))
#13 [internal function]: Illuminate\Routing\Router->Illuminate\Routing\{closure}(Object(Illuminate\Http\Request))
#14 C:\wamp\www\web\vendor\laravel\framework\src\Illuminate\Routing\Pipeline.php(52): call_user_func(Object(Closure), Object(Illuminate\Http\Request))
#15 C:\wamp\www\web\app\Http\Middleware\CheckIfAdmin.php(23): Illuminate\Routing\Pipeline->Illuminate\Routing\{closure}(Object(Illuminate\Http\Request))
#16 [internal function]: App\Http\Middleware\CheckIfAdmin->handle(Object(Illuminate\Http\Request), Object(Closure))
#17 C:\wamp\www\web\bootstrap\cache\compiled.php(9965): call_user_func_array(Array, Array)
#18 [internal function]: Illuminate\Pipeline\Pipeline->Illuminate\Pipeline\{closure}(Object(Illuminate\Http\Request))
#19 C:\wamp\www\web\vendor\laravel\framework\src\Illuminate\Routing\Pipeline.php(32): call_user_func(Object(Closure), Object(Illuminate\Http\Request))
#20 C:\wamp\www\web\bootstrap\cache\compiled.php(3225): Illuminate\Routing\Pipeline->Illuminate\Routing\{closure}(Object(Illuminate\Http\Request))
#21 [internal function]: Illuminate\Foundation\Http\Middleware\VerifyCsrfToken->handle(Object(Illuminate\Http\Request), Object(Closure))
#22 C:\wamp\www\web\bootstrap\cache\compiled.php(9965): call_user_func_array(Array, Array)
#23 [internal function]: Illuminate\Pipeline\Pipeline->Illuminate\Pipeline\{closure}(Object(Illuminate\Http\Request))
#24 C:\wamp\www\web\vendor\laravel\framework\src\Illuminate\Routing\Pipeline.php(32): call_user_func(Object(Closure), Object(Illuminate\Http\Request))
#25 C:\wamp\www\web\bootstrap\cache\compiled.php(13463): Illuminate\Routing\Pipeline->Illuminate\Routing\{closure}(Object(Illuminate\Http\Request))
#26 [internal function]: Illuminate\View\Middleware\ShareErrorsFromSession->handle(Object(Illuminate\Http\Request), Object(Closure))
#27 C:\wamp\www\web\bootstrap\cache\compiled.php(9965): call_user_func_array(Array, Array)
#28 [internal function]: Illuminate\Pipeline\Pipeline->Illuminate\Pipeline\{closure}(Object(Illuminate\Http\Request))
#29 C:\wamp\www\web\vendor\laravel\framework\src\Illuminate\Routing\Pipeline.php(32): call_user_func(Object(Closure), Object(Illuminate\Http\Request))
#30 C:\wamp\www\web\bootstrap\cache\compiled.php(11956): Illuminate\Routing\Pipeline->Illuminate\Routing\{closure}(Object(Illuminate\Http\Request))
#31 [internal function]: Illuminate\Session\Middleware\StartSession->handle(Object(Illuminate\Http\Request), Object(Closure))
#32 C:\wamp\www\web\bootstrap\cache\compiled.php(9965): call_user_func_array(Array, Array)
#33 [internal function]: Illuminate\Pipeline\Pipeline->Illuminate\Pipeline\{closure}(Object(Illuminate\Http\Request))
#34 C:\wamp\www\web\vendor\laravel\framework\src\Illuminate\Routing\Pipeline.php(32): call_user_func(Object(Closure), Object(Illuminate\Http\Request))
#35 C:\wamp\www\web\bootstrap\cache\compiled.php(13202): Illuminate\Routing\Pipeline->Illuminate\Routing\{closure}(Object(Illuminate\Http\Request))
#36 [internal function]: Illuminate\Cookie\Middleware\AddQueuedCookiesToResponse->handle(Object(Illuminate\Http\Request), Object(Closure))
#37 C:\wamp\www\web\bootstrap\cache\compiled.php(9965): call_user_func_array(Array, Array)
#38 [internal function]: Illuminate\Pipeline\Pipeline->Illuminate\Pipeline\{closure}(Object(Illuminate\Http\Request))
#39 C:\wamp\www\web\vendor\laravel\framework\src\Illuminate\Routing\Pipeline.php(32): call_user_func(Object(Closure), Object(Illuminate\Http\Request))
#40 C:\wamp\www\web\bootstrap\cache\compiled.php(13139): Illuminate\Routing\Pipeline->Illuminate\Routing\{closure}(Object(Illuminate\Http\Request))
#41 [internal function]: Illuminate\Cookie\Middleware\EncryptCookies->handle(Object(Illuminate\Http\Request), Object(Closure))
#42 C:\wamp\www\web\bootstrap\cache\compiled.php(9965): call_user_func_array(Array, Array)
#43 [internal function]: Illuminate\Pipeline\Pipeline->Illuminate\Pipeline\{closure}(Object(Illuminate\Http\Request))
#44 C:\wamp\www\web\vendor\laravel\framework\src\Illuminate\Routing\Pipeline.php(32): call_user_func(Object(Closure), Object(Illuminate\Http\Request))
#45 [internal function]: Illuminate\Routing\Pipeline->Illuminate\Routing\{closure}(Object(Illuminate\Http\Request))
#46 C:\wamp\www\web\bootstrap\cache\compiled.php(9950): call_user_func(Object(Closure), Object(Illuminate\Http\Request))
#47 C:\wamp\www\web\bootstrap\cache\compiled.php(8227): Illuminate\Pipeline\Pipeline->then(Object(Closure))
#48 C:\wamp\www\web\bootstrap\cache\compiled.php(8218): Illuminate\Routing\Router->runRouteWithinStack(Object(Illuminate\Routing\Route), Object(Illuminate\Http\Request))
#49 C:\wamp\www\web\bootstrap\cache\compiled.php(8208): Illuminate\Routing\Router->dispatchToRoute(Object(Illuminate\Http\Request))
#50 C:\wamp\www\web\bootstrap\cache\compiled.php(2419): Illuminate\Routing\Router->dispatch(Object(Illuminate\Http\Request))
#51 [internal function]: Illuminate\Foundation\Http\Kernel->Illuminate\Foundation\Http\{closure}(Object(Illuminate\Http\Request))
#52 C:\wamp\www\web\vendor\laravel\framework\src\Illuminate\Routing\Pipeline.php(52): call_user_func(Object(Closure), Object(Illuminate\Http\Request))
#53 C:\wamp\www\web\bootstrap\cache\compiled.php(3286): Illuminate\Routing\Pipeline->Illuminate\Routing\{closure}(Object(Illuminate\Http\Request))
#54 [internal function]: Illuminate\Foundation\Http\Middleware\CheckForMaintenanceMode->handle(Object(Illuminate\Http\Request), Object(Closure))
#55 C:\wamp\www\web\bootstrap\cache\compiled.php(9965): call_user_func_array(Array, Array)
#56 [internal function]: Illuminate\Pipeline\Pipeline->Illuminate\Pipeline\{closure}(Object(Illuminate\Http\Request))
#57 C:\wamp\www\web\vendor\laravel\framework\src\Illuminate\Routing\Pipeline.php(32): call_user_func(Object(Closure), Object(Illuminate\Http\Request))
#58 [internal function]: Illuminate\Routing\Pipeline->Illuminate\Routing\{closure}(Object(Illuminate\Http\Request))
#59 C:\wamp\www\web\bootstrap\cache\compiled.php(9950): call_user_func(Object(Closure), Object(Illuminate\Http\Request))
#60 C:\wamp\www\web\bootstrap\cache\compiled.php(2366): Illuminate\Pipeline\Pipeline->then(Object(Closure))
#61 C:\wamp\www\web\bootstrap\cache\compiled.php(2350): Illuminate\Foundation\Http\Kernel->sendRequestThroughRouter(Object(Illuminate\Http\Request))
#62 C:\wamp\www\web\public\index.php(53): Illuminate\Foundation\Http\Kernel->handle(Object(Illuminate\Http\Request))
#63 {main}  
[2017-03-09 10:58:36] local.ERROR: ErrorException: Undefined property: Illuminate\Database\Eloquent\Builder::$address_id in C:\wamp\www\web\app\Http\Controllers\AdminController.php:15
Stack trace:
#0 C:\wamp\www\web\app\Http\Controllers\AdminController.php(15): Illuminate\Foundation\Bootstrap\HandleExceptions->handleError(8, 'Undefined prope...', 'C:\\wamp\\www\\web...', 15, Array)
#1 [internal function]: App\Http\Controllers\AdminController->index()
#2 C:\wamp\www\web\bootstrap\cache\compiled.php(9425): call_user_func_array(Array, Array)
#3 C:\wamp\www\web\bootstrap\cache\compiled.php(9487): Illuminate\Routing\Controller->callAction('index', Array)
#4 C:\wamp\www\web\bootstrap\cache\compiled.php(9467): Illuminate\Routing\ControllerDispatcher->call(Object(App\Http\Controllers\AdminController), Object(Illuminate\Routing\Route), 'index')
#5 [internal function]: Illuminate\Routing\ControllerDispatcher->Illuminate\Routing\{closure}(Object(Illuminate\Http\Request))
#6 C:\wamp\www\web\vendor\laravel\framework\src\Illuminate\Routing\Pipeline.php(52): call_user_func(Object(Closure), Object(Illuminate\Http\Request))
#7 [internal function]: Illuminate\Routing\Pipeline->Illuminate\Routing\{closure}(Object(Illuminate\Http\Request))
#8 C:\wamp\www\web\bootstrap\cache\compiled.php(9950): call_user_func(Object(Closure), Object(Illuminate\Http\Request))
#9 C:\wamp\www\web\bootstrap\cache\compiled.php(9468): Illuminate\Pipeline\Pipeline->then(Object(Closure))
#10 C:\wamp\www\web\bootstrap\cache\compiled.php(9455): Illuminate\Routing\ControllerDispatcher->callWithinStack(Object(App\Http\Controllers\AdminController), Object(Illuminate\Routing\Route), Object(Illuminate\Http\Request), 'index')
#11 C:\wamp\www\web\bootstrap\cache\compiled.php(8525): Illuminate\Routing\ControllerDispatcher->dispatch(Object(Illuminate\Routing\Route), Object(Illuminate\Http\Request), 'App\\Http\\Contro...', 'index')
#12 C:\wamp\www\web\bootstrap\cache\compiled.php(8512): Illuminate\Routing\Route->runController(Object(Illuminate\Http\Request))
#13 C:\wamp\www\web\bootstrap\cache\compiled.php(8226): Illuminate\Routing\Route->run(Object(Illuminate\Http\Request))
#14 [internal function]: Illuminate\Routing\Router->Illuminate\Routing\{closure}(Object(Illuminate\Http\Request))
#15 C:\wamp\www\web\vendor\laravel\framework\src\Illuminate\Routing\Pipeline.php(52): call_user_func(Object(Closure), Object(Illuminate\Http\Request))
#16 C:\wamp\www\web\app\Http\Middleware\CheckIfAdmin.php(23): Illuminate\Routing\Pipeline->Illuminate\Routing\{closure}(Object(Illuminate\Http\Request))
#17 [internal function]: App\Http\Middleware\CheckIfAdmin->handle(Object(Illuminate\Http\Request), Object(Closure))
#18 C:\wamp\www\web\bootstrap\cache\compiled.php(9965): call_user_func_array(Array, Array)
#19 [internal function]: Illuminate\Pipeline\Pipeline->Illuminate\Pipeline\{closure}(Object(Illuminate\Http\Request))
#20 C:\wamp\www\web\vendor\laravel\framework\src\Illuminate\Routing\Pipeline.php(32): call_user_func(Object(Closure), Object(Illuminate\Http\Request))
#21 C:\wamp\www\web\bootstrap\cache\compiled.php(3225): Illuminate\Routing\Pipeline->Illuminate\Routing\{closure}(Object(Illuminate\Http\Request))
#22 [internal function]: Illuminate\Foundation\Http\Middleware\VerifyCsrfToken->handle(Object(Illuminate\Http\Request), Object(Closure))
#23 C:\wamp\www\web\bootstrap\cache\compiled.php(9965): call_user_func_array(Array, Array)
#24 [internal function]: Illuminate\Pipeline\Pipeline->Illuminate\Pipeline\{closure}(Object(Illuminate\Http\Request))
#25 C:\wamp\www\web\vendor\laravel\framework\src\Illuminate\Routing\Pipeline.php(32): call_user_func(Object(Closure), Object(Illuminate\Http\Request))
#26 C:\wamp\www\web\bootstrap\cache\compiled.php(13463): Illuminate\Routing\Pipeline->Illuminate\Routing\{closure}(Object(Illuminate\Http\Request))
#27 [internal function]: Illuminate\View\Middleware\ShareErrorsFromSession->handle(Object(Illuminate\Http\Request), Object(Closure))
#28 C:\wamp\www\web\bootstrap\cache\compiled.php(9965): call_user_func_array(Array, Array)
#29 [internal function]: Illuminate\Pipeline\Pipeline->Illuminate\Pipeline\{closure}(Object(Illuminate\Http\Request))
#30 C:\wamp\www\web\vendor\laravel\framework\src\Illuminate\Routing\Pipeline.php(32): call_user_func(Object(Closure), Object(Illuminate\Http\Request))
#31 C:\wamp\www\web\bootstrap\cache\compiled.php(11956): Illuminate\Routing\Pipeline->Illuminate\Routing\{closure}(Object(Illuminate\Http\Request))
#32 [internal function]: Illuminate\Session\Middleware\StartSession->handle(Object(Illuminate\Http\Request), Object(Closure))
#33 C:\wamp\www\web\bootstrap\cache\compiled.php(9965): call_user_func_array(Array, Array)
#34 [internal function]: Illuminate\Pipeline\Pipeline->Illuminate\Pipeline\{closure}(Object(Illuminate\Http\Request))
#35 C:\wamp\www\web\vendor\laravel\framework\src\Illuminate\Routing\Pipeline.php(32): call_user_func(Object(Closure), Object(Illuminate\Http\Request))
#36 C:\wamp\www\web\bootstrap\cache\compiled.php(13202): Illuminate\Routing\Pipeline->Illuminate\Routing\{closure}(Object(Illuminate\Http\Request))
#37 [internal function]: Illuminate\Cookie\Middleware\AddQueuedCookiesToResponse->handle(Object(Illuminate\Http\Request), Object(Closure))
#38 C:\wamp\www\web\bootstrap\cache\compiled.php(9965): call_user_func_array(Array, Array)
#39 [internal function]: Illuminate\Pipeline\Pipeline->Illuminate\Pipeline\{closure}(Object(Illuminate\Http\Request))
#40 C:\wamp\www\web\vendor\laravel\framework\src\Illuminate\Routing\Pipeline.php(32): call_user_func(Object(Closure), Object(Illuminate\Http\Request))
#41 C:\wamp\www\web\bootstrap\cache\compiled.php(13139): Illuminate\Routing\Pipeline->Illuminate\Routing\{closure}(Object(Illuminate\Http\Request))
#42 [internal function]: Illuminate\Cookie\Middleware\EncryptCookies->handle(Object(Illuminate\Http\Request), Object(Closure))
#43 C:\wamp\www\web\bootstrap\cache\compiled.php(9965): call_user_func_array(Array, Array)
#44 [internal function]: Illuminate\Pipeline\Pipeline->Illuminate\Pipeline\{closure}(Object(Illuminate\Http\Request))
#45 C:\wamp\www\web\vendor\laravel\framework\src\Illuminate\Routing\Pipeline.php(32): call_user_func(Object(Closure), Object(Illuminate\Http\Request))
#46 [internal function]: Illuminate\Routing\Pipeline->Illuminate\Routing\{closure}(Object(Illuminate\Http\Request))
#47 C:\wamp\www\web\bootstrap\cache\compiled.php(9950): call_user_func(Object(Closure), Object(Illuminate\Http\Request))
#48 C:\wamp\www\web\bootstrap\cache\compiled.php(8227): Illuminate\Pipeline\Pipeline->then(Object(Closure))
#49 C:\wamp\www\web\bootstrap\cache\compiled.php(8218): Illuminate\Routing\Router->runRouteWithinStack(Object(Illuminate\Routing\Route), Object(Illuminate\Http\Request))
#50 C:\wamp\www\web\bootstrap\cache\compiled.php(8208): Illuminate\Routing\Router->dispatchToRoute(Object(Illuminate\Http\Request))
#51 C:\wamp\www\web\bootstrap\cache\compiled.php(2419): Illuminate\Routing\Router->dispatch(Object(Illuminate\Http\Request))
#52 [internal function]: Illuminate\Foundation\Http\Kernel->Illuminate\Foundation\Http\{closure}(Object(Illuminate\Http\Request))
#53 C:\wamp\www\web\vendor\laravel\framework\src\Illuminate\Routing\Pipeline.php(52): call_user_func(Object(Closure), Object(Illuminate\Http\Request))
#54 C:\wamp\www\web\bootstrap\cache\compiled.php(3286): Illuminate\Routing\Pipeline->Illuminate\Routing\{closure}(Object(Illuminate\Http\Request))
#55 [internal function]: Illuminate\Foundation\Http\Middleware\CheckForMaintenanceMode->handle(Object(Illuminate\Http\Request), Object(Closure))
#56 C:\wamp\www\web\bootstrap\cache\compiled.php(9965): call_user_func_array(Array, Array)
#57 [internal function]: Illuminate\Pipeline\Pipeline->Illuminate\Pipeline\{closure}(Object(Illuminate\Http\Request))
#58 C:\wamp\www\web\vendor\laravel\framework\src\Illuminate\Routing\Pipeline.php(32): call_user_func(Object(Closure), Object(Illuminate\Http\Request))
#59 [internal function]: Illuminate\Routing\Pipeline->Illuminate\Routing\{closure}(Object(Illuminate\Http\Request))
#60 C:\wamp\www\web\bootstrap\cache\compiled.php(9950): call_user_func(Object(Closure), Object(Illuminate\Http\Request))
#61 C:\wamp\www\web\bootstrap\cache\compiled.php(2366): Illuminate\Pipeline\Pipeline->then(Object(Closure))
#62 C:\wamp\www\web\bootstrap\cache\compiled.php(2350): Illuminate\Foundation\Http\Kernel->sendRequestThroughRouter(Object(Illuminate\Http\Request))
#63 C:\wamp\www\web\public\index.php(53): Illuminate\Foundation\Http\Kernel->handle(Object(Illuminate\Http\Request))
#64 {main}  
[2017-03-09 10:58:54] local.ERROR: ErrorException: Undefined property: Illuminate\Database\Eloquent\Builder::$address_id in C:\wamp\www\web\app\Http\Controllers\AdminController.php:15
Stack trace:
#0 C:\wamp\www\web\app\Http\Controllers\AdminController.php(15): Illuminate\Foundation\Bootstrap\HandleExceptions->handleError(8, 'Undefined prope...', 'C:\\wamp\\www\\web...', 15, Array)
#1 [internal function]: App\Http\Controllers\AdminController->index()
#2 C:\wamp\www\web\bootstrap\cache\compiled.php(9425): call_user_func_array(Array, Array)
#3 C:\wamp\www\web\bootstrap\cache\compiled.php(9487): Illuminate\Routing\Controller->callAction('index', Array)
#4 C:\wamp\www\web\bootstrap\cache\compiled.php(9467): Illuminate\Routing\ControllerDispatcher->call(Object(App\Http\Controllers\AdminController), Object(Illuminate\Routing\Route), 'index')
#5 [internal function]: Illuminate\Routing\ControllerDispatcher->Illuminate\Routing\{closure}(Object(Illuminate\Http\Request))
#6 C:\wamp\www\web\vendor\laravel\framework\src\Illuminate\Routing\Pipeline.php(52): call_user_func(Object(Closure), Object(Illuminate\Http\Request))
#7 [internal function]: Illuminate\Routing\Pipeline->Illuminate\Routing\{closure}(Object(Illuminate\Http\Request))
#8 C:\wamp\www\web\bootstrap\cache\compiled.php(9950): call_user_func(Object(Closure), Object(Illuminate\Http\Request))
#9 C:\wamp\www\web\bootstrap\cache\compiled.php(9468): Illuminate\Pipeline\Pipeline->then(Object(Closure))
#10 C:\wamp\www\web\bootstrap\cache\compiled.php(9455): Illuminate\Routing\ControllerDispatcher->callWithinStack(Object(App\Http\Controllers\AdminController), Object(Illuminate\Routing\Route), Object(Illuminate\Http\Request), 'index')
#11 C:\wamp\www\web\bootstrap\cache\compiled.php(8525): Illuminate\Routing\ControllerDispatcher->dispatch(Object(Illuminate\Routing\Route), Object(Illuminate\Http\Request), 'App\\Http\\Contro...', 'index')
#12 C:\wamp\www\web\bootstrap\cache\compiled.php(8512): Illuminate\Routing\Route->runController(Object(Illuminate\Http\Request))
#13 C:\wamp\www\web\bootstrap\cache\compiled.php(8226): Illuminate\Routing\Route->run(Object(Illuminate\Http\Request))
#14 [internal function]: Illuminate\Routing\Router->Illuminate\Routing\{closure}(Object(Illuminate\Http\Request))
#15 C:\wamp\www\web\vendor\laravel\framework\src\Illuminate\Routing\Pipeline.php(52): call_user_func(Object(Closure), Object(Illuminate\Http\Request))
#16 C:\wamp\www\web\app\Http\Middleware\CheckIfAdmin.php(23): Illuminate\Routing\Pipeline->Illuminate\Routing\{closure}(Object(Illuminate\Http\Request))
#17 [internal function]: App\Http\Middleware\CheckIfAdmin->handle(Object(Illuminate\Http\Request), Object(Closure))
#18 C:\wamp\www\web\bootstrap\cache\compiled.php(9965): call_user_func_array(Array, Array)
#19 [internal function]: Illuminate\Pipeline\Pipeline->Illuminate\Pipeline\{closure}(Object(Illuminate\Http\Request))
#20 C:\wamp\www\web\vendor\laravel\framework\src\Illuminate\Routing\Pipeline.php(32): call_user_func(Object(Closure), Object(Illuminate\Http\Request))
#21 C:\wamp\www\web\bootstrap\cache\compiled.php(3225): Illuminate\Routing\Pipeline->Illuminate\Routing\{closure}(Object(Illuminate\Http\Request))
#22 [internal function]: Illuminate\Foundation\Http\Middleware\VerifyCsrfToken->handle(Object(Illuminate\Http\Request), Object(Closure))
#23 C:\wamp\www\web\bootstrap\cache\compiled.php(9965): call_user_func_array(Array, Array)
#24 [internal function]: Illuminate\Pipeline\Pipeline->Illuminate\Pipeline\{closure}(Object(Illuminate\Http\Request))
#25 C:\wamp\www\web\vendor\laravel\framework\src\Illuminate\Routing\Pipeline.php(32): call_user_func(Object(Closure), Object(Illuminate\Http\Request))
#26 C:\wamp\www\web\bootstrap\cache\compiled.php(13463): Illuminate\Routing\Pipeline->Illuminate\Routing\{closure}(Object(Illuminate\Http\Request))
#27 [internal function]: Illuminate\View\Middleware\ShareErrorsFromSession->handle(Object(Illuminate\Http\Request), Object(Closure))
#28 C:\wamp\www\web\bootstrap\cache\compiled.php(9965): call_user_func_array(Array, Array)
#29 [internal function]: Illuminate\Pipeline\Pipeline->Illuminate\Pipeline\{closure}(Object(Illuminate\Http\Request))
#30 C:\wamp\www\web\vendor\laravel\framework\src\Illuminate\Routing\Pipeline.php(32): call_user_func(Object(Closure), Object(Illuminate\Http\Request))
#31 C:\wamp\www\web\bootstrap\cache\compiled.php(11956): Illuminate\Routing\Pipeline->Illuminate\Routing\{closure}(Object(Illuminate\Http\Request))
#32 [internal function]: Illuminate\Session\Middleware\StartSession->handle(Object(Illuminate\Http\Request), Object(Closure))
#33 C:\wamp\www\web\bootstrap\cache\compiled.php(9965): call_user_func_array(Array, Array)
#34 [internal function]: Illuminate\Pipeline\Pipeline->Illuminate\Pipeline\{closure}(Object(Illuminate\Http\Request))
#35 C:\wamp\www\web\vendor\laravel\framework\src\Illuminate\Routing\Pipeline.php(32): call_user_func(Object(Closure), Object(Illuminate\Http\Request))
#36 C:\wamp\www\web\bootstrap\cache\compiled.php(13202): Illuminate\Routing\Pipeline->Illuminate\Routing\{closure}(Object(Illuminate\Http\Request))
#37 [internal function]: Illuminate\Cookie\Middleware\AddQueuedCookiesToResponse->handle(Object(Illuminate\Http\Request), Object(Closure))
#38 C:\wamp\www\web\bootstrap\cache\compiled.php(9965): call_user_func_array(Array, Array)
#39 [internal function]: Illuminate\Pipeline\Pipeline->Illuminate\Pipeline\{closure}(Object(Illuminate\Http\Request))
#40 C:\wamp\www\web\vendor\laravel\framework\src\Illuminate\Routing\Pipeline.php(32): call_user_func(Object(Closure), Object(Illuminate\Http\Request))
#41 C:\wamp\www\web\bootstrap\cache\compiled.php(13139): Illuminate\Routing\Pipeline->Illuminate\Routing\{closure}(Object(Illuminate\Http\Request))
#42 [internal function]: Illuminate\Cookie\Middleware\EncryptCookies->handle(Object(Illuminate\Http\Request), Object(Closure))
#43 C:\wamp\www\web\bootstrap\cache\compiled.php(9965): call_user_func_array(Array, Array)
#44 [internal function]: Illuminate\Pipeline\Pipeline->Illuminate\Pipeline\{closure}(Object(Illuminate\Http\Request))
#45 C:\wamp\www\web\vendor\laravel\framework\src\Illuminate\Routing\Pipeline.php(32): call_user_func(Object(Closure), Object(Illuminate\Http\Request))
#46 [internal function]: Illuminate\Routing\Pipeline->Illuminate\Routing\{closure}(Object(Illuminate\Http\Request))
#47 C:\wamp\www\web\bootstrap\cache\compiled.php(9950): call_user_func(Object(Closure), Object(Illuminate\Http\Request))
#48 C:\wamp\www\web\bootstrap\cache\compiled.php(8227): Illuminate\Pipeline\Pipeline->then(Object(Closure))
#49 C:\wamp\www\web\bootstrap\cache\compiled.php(8218): Illuminate\Routing\Router->runRouteWithinStack(Object(Illuminate\Routing\Route), Object(Illuminate\Http\Request))
#50 C:\wamp\www\web\bootstrap\cache\compiled.php(8208): Illuminate\Routing\Router->dispatchToRoute(Object(Illuminate\Http\Request))
#51 C:\wamp\www\web\bootstrap\cache\compiled.php(2419): Illuminate\Routing\Router->dispatch(Object(Illuminate\Http\Request))
#52 [internal function]: Illuminate\Foundation\Http\Kernel->Illuminate\Foundation\Http\{closure}(Object(Illuminate\Http\Request))
#53 C:\wamp\www\web\vendor\laravel\framework\src\Illuminate\Routing\Pipeline.php(52): call_user_func(Object(Closure), Object(Illuminate\Http\Request))
#54 C:\wamp\www\web\bootstrap\cache\compiled.php(3286): Illuminate\Routing\Pipeline->Illuminate\Routing\{closure}(Object(Illuminate\Http\Request))
#55 [internal function]: Illuminate\Foundation\Http\Middleware\CheckForMaintenanceMode->handle(Object(Illuminate\Http\Request), Object(Closure))
#56 C:\wamp\www\web\bootstrap\cache\compiled.php(9965): call_user_func_array(Array, Array)
#57 [internal function]: Illuminate\Pipeline\Pipeline->Illuminate\Pipeline\{closure}(Object(Illuminate\Http\Request))
#58 C:\wamp\www\web\vendor\laravel\framework\src\Illuminate\Routing\Pipeline.php(32): call_user_func(Object(Closure), Object(Illuminate\Http\Request))
#59 [internal function]: Illuminate\Routing\Pipeline->Illuminate\Routing\{closure}(Object(Illuminate\Http\Request))
#60 C:\wamp\www\web\bootstrap\cache\compiled.php(9950): call_user_func(Object(Closure), Object(Illuminate\Http\Request))
#61 C:\wamp\www\web\bootstrap\cache\compiled.php(2366): Illuminate\Pipeline\Pipeline->then(Object(Closure))
#62 C:\wamp\www\web\bootstrap\cache\compiled.php(2350): Illuminate\Foundation\Http\Kernel->sendRequestThroughRouter(Object(Illuminate\Http\Request))
#63 C:\wamp\www\web\public\index.php(53): Illuminate\Foundation\Http\Kernel->handle(Object(Illuminate\Http\Request))
#64 {main}  
[2017-03-09 11:00:06] local.ERROR: ParseError: syntax error, unexpected 'echo' (T_ECHO) in C:\wamp\www\web\app\Http\Controllers\AdminController.php:15
Stack trace:
#0 C:\wamp\www\web\vendor\composer\ClassLoader.php(322): Composer\Autoload\includeFile('C:\\wamp\\www\\web...')
#1 [internal function]: Composer\Autoload\ClassLoader->loadClass('App\\Http\\Contro...')
#2 [internal function]: spl_autoload_call('App\\Http\\Contro...')
#3 C:\wamp\www\web\bootstrap\cache\compiled.php(8573): ReflectionMethod->__construct('App\\Http\\Contro...', 'index')
#4 C:\wamp\www\web\bootstrap\cache\compiled.php(8282): Illuminate\Routing\Route->signatureParameters('Illuminate\\Data...')
#5 C:\wamp\www\web\bootstrap\cache\compiled.php(8276): Illuminate\Routing\Router->substituteImplicitBindings(Object(Illuminate\Routing\Route))
#6 C:\wamp\www\web\bootstrap\cache\compiled.php(8267): Illuminate\Routing\Router->substituteBindings(Object(Illuminate\Routing\Route))
#7 C:\wamp\www\web\bootstrap\cache\compiled.php(8213): Illuminate\Routing\Router->findRoute(Object(Illuminate\Http\Request))
#8 C:\wamp\www\web\bootstrap\cache\compiled.php(8208): Illuminate\Routing\Router->dispatchToRoute(Object(Illuminate\Http\Request))
#9 C:\wamp\www\web\bootstrap\cache\compiled.php(2419): Illuminate\Routing\Router->dispatch(Object(Illuminate\Http\Request))
#10 [internal function]: Illuminate\Foundation\Http\Kernel->Illuminate\Foundation\Http\{closure}(Object(Illuminate\Http\Request))
#11 C:\wamp\www\web\vendor\laravel\framework\src\Illuminate\Routing\Pipeline.php(52): call_user_func(Object(Closure), Object(Illuminate\Http\Request))
#12 C:\wamp\www\web\bootstrap\cache\compiled.php(3286): Illuminate\Routing\Pipeline->Illuminate\Routing\{closure}(Object(Illuminate\Http\Request))
#13 [internal function]: Illuminate\Foundation\Http\Middleware\CheckForMaintenanceMode->handle(Object(Illuminate\Http\Request), Object(Closure))
#14 C:\wamp\www\web\bootstrap\cache\compiled.php(9965): call_user_func_array(Array, Array)
#15 [internal function]: Illuminate\Pipeline\Pipeline->Illuminate\Pipeline\{closure}(Object(Illuminate\Http\Request))
#16 C:\wamp\www\web\vendor\laravel\framework\src\Illuminate\Routing\Pipeline.php(32): call_user_func(Object(Closure), Object(Illuminate\Http\Request))
#17 [internal function]: Illuminate\Routing\Pipeline->Illuminate\Routing\{closure}(Object(Illuminate\Http\Request))
#18 C:\wamp\www\web\bootstrap\cache\compiled.php(9950): call_user_func(Object(Closure), Object(Illuminate\Http\Request))
#19 C:\wamp\www\web\bootstrap\cache\compiled.php(2366): Illuminate\Pipeline\Pipeline->then(Object(Closure))
#20 C:\wamp\www\web\bootstrap\cache\compiled.php(2350): Illuminate\Foundation\Http\Kernel->sendRequestThroughRouter(Object(Illuminate\Http\Request))
#21 C:\wamp\www\web\public\index.php(53): Illuminate\Foundation\Http\Kernel->handle(Object(Illuminate\Http\Request))
#22 {main}

Next ReflectionException: Class App\Http\Controllers\AdminController does not exist in C:\wamp\www\web\bootstrap\cache\compiled.php:8573
Stack trace:
#0 C:\wamp\www\web\bootstrap\cache\compiled.php(8573): ReflectionMethod->__construct('App\\Http\\Contro...', 'index')
#1 C:\wamp\www\web\bootstrap\cache\compiled.php(8282): Illuminate\Routing\Route->signatureParameters('Illuminate\\Data...')
#2 C:\wamp\www\web\bootstrap\cache\compiled.php(8276): Illuminate\Routing\Router->substituteImplicitBindings(Object(Illuminate\Routing\Route))
#3 C:\wamp\www\web\bootstrap\cache\compiled.php(8267): Illuminate\Routing\Router->substituteBindings(Object(Illuminate\Routing\Route))
#4 C:\wamp\www\web\bootstrap\cache\compiled.php(8213): Illuminate\Routing\Router->findRoute(Object(Illuminate\Http\Request))
#5 C:\wamp\www\web\bootstrap\cache\compiled.php(8208): Illuminate\Routing\Router->dispatchToRoute(Object(Illuminate\Http\Request))
#6 C:\wamp\www\web\bootstrap\cache\compiled.php(2419): Illuminate\Routing\Router->dispatch(Object(Illuminate\Http\Request))
#7 [internal function]: Illuminate\Foundation\Http\Kernel->Illuminate\Foundation\Http\{closure}(Object(Illuminate\Http\Request))
#8 C:\wamp\www\web\vendor\laravel\framework\src\Illuminate\Routing\Pipeline.php(52): call_user_func(Object(Closure), Object(Illuminate\Http\Request))
#9 C:\wamp\www\web\bootstrap\cache\compiled.php(3286): Illuminate\Routing\Pipeline->Illuminate\Routing\{closure}(Object(Illuminate\Http\Request))
#10 [internal function]: Illuminate\Foundation\Http\Middleware\CheckForMaintenanceMode->handle(Object(Illuminate\Http\Request), Object(Closure))
#11 C:\wamp\www\web\bootstrap\cache\compiled.php(9965): call_user_func_array(Array, Array)
#12 [internal function]: Illuminate\Pipeline\Pipeline->Illuminate\Pipeline\{closure}(Object(Illuminate\Http\Request))
#13 C:\wamp\www\web\vendor\laravel\framework\src\Illuminate\Routing\Pipeline.php(32): call_user_func(Object(Closure), Object(Illuminate\Http\Request))
#14 [internal function]: Illuminate\Routing\Pipeline->Illuminate\Routing\{closure}(Object(Illuminate\Http\Request))
#15 C:\wamp\www\web\bootstrap\cache\compiled.php(9950): call_user_func(Object(Closure), Object(Illuminate\Http\Request))
#16 C:\wamp\www\web\bootstrap\cache\compiled.php(2366): Illuminate\Pipeline\Pipeline->then(Object(Closure))
#17 C:\wamp\www\web\bootstrap\cache\compiled.php(2350): Illuminate\Foundation\Http\Kernel->sendRequestThroughRouter(Object(Illuminate\Http\Request))
#18 C:\wamp\www\web\public\index.php(53): Illuminate\Foundation\Http\Kernel->handle(Object(Illuminate\Http\Request))
#19 {main}  
[2017-03-09 11:01:00] local.ERROR: ErrorException: Trying to get property of non-object in C:\wamp\www\web\app\Http\Controllers\AdminController.php:16
Stack trace:
#0 C:\wamp\www\web\app\Http\Controllers\AdminController.php(16): Illuminate\Foundation\Bootstrap\HandleExceptions->handleError(8, 'Trying to get p...', 'C:\\wamp\\www\\web...', 16, Array)
#1 [internal function]: App\Http\Controllers\AdminController->index()
#2 C:\wamp\www\web\bootstrap\cache\compiled.php(9425): call_user_func_array(Array, Array)
#3 C:\wamp\www\web\bootstrap\cache\compiled.php(9487): Illuminate\Routing\Controller->callAction('index', Array)
#4 C:\wamp\www\web\bootstrap\cache\compiled.php(9467): Illuminate\Routing\ControllerDispatcher->call(Object(App\Http\Controllers\AdminController), Object(Illuminate\Routing\Route), 'index')
#5 [internal function]: Illuminate\Routing\ControllerDispatcher->Illuminate\Routing\{closure}(Object(Illuminate\Http\Request))
#6 C:\wamp\www\web\vendor\laravel\framework\src\Illuminate\Routing\Pipeline.php(52): call_user_func(Object(Closure), Object(Illuminate\Http\Request))
#7 [internal function]: Illuminate\Routing\Pipeline->Illuminate\Routing\{closure}(Object(Illuminate\Http\Request))
#8 C:\wamp\www\web\bootstrap\cache\compiled.php(9950): call_user_func(Object(Closure), Object(Illuminate\Http\Request))
#9 C:\wamp\www\web\bootstrap\cache\compiled.php(9468): Illuminate\Pipeline\Pipeline->then(Object(Closure))
#10 C:\wamp\www\web\bootstrap\cache\compiled.php(9455): Illuminate\Routing\ControllerDispatcher->callWithinStack(Object(App\Http\Controllers\AdminController), Object(Illuminate\Routing\Route), Object(Illuminate\Http\Request), 'index')
#11 C:\wamp\www\web\bootstrap\cache\compiled.php(8525): Illuminate\Routing\ControllerDispatcher->dispatch(Object(Illuminate\Routing\Route), Object(Illuminate\Http\Request), 'App\\Http\\Contro...', 'index')
#12 C:\wamp\www\web\bootstrap\cache\compiled.php(8512): Illuminate\Routing\Route->runController(Object(Illuminate\Http\Request))
#13 C:\wamp\www\web\bootstrap\cache\compiled.php(8226): Illuminate\Routing\Route->run(Object(Illuminate\Http\Request))
#14 [internal function]: Illuminate\Routing\Router->Illuminate\Routing\{closure}(Object(Illuminate\Http\Request))
#15 C:\wamp\www\web\vendor\laravel\framework\src\Illuminate\Routing\Pipeline.php(52): call_user_func(Object(Closure), Object(Illuminate\Http\Request))
#16 C:\wamp\www\web\app\Http\Middleware\CheckIfAdmin.php(23): Illuminate\Routing\Pipeline->Illuminate\Routing\{closure}(Object(Illuminate\Http\Request))
#17 [internal function]: App\Http\Middleware\CheckIfAdmin->handle(Object(Illuminate\Http\Request), Object(Closure))
#18 C:\wamp\www\web\bootstrap\cache\compiled.php(9965): call_user_func_array(Array, Array)
#19 [internal function]: Illuminate\Pipeline\Pipeline->Illuminate\Pipeline\{closure}(Object(Illuminate\Http\Request))
#20 C:\wamp\www\web\vendor\laravel\framework\src\Illuminate\Routing\Pipeline.php(32): call_user_func(Object(Closure), Object(Illuminate\Http\Request))
#21 C:\wamp\www\web\bootstrap\cache\compiled.php(3225): Illuminate\Routing\Pipeline->Illuminate\Routing\{closure}(Object(Illuminate\Http\Request))
#22 [internal function]: Illuminate\Foundation\Http\Middleware\VerifyCsrfToken->handle(Object(Illuminate\Http\Request), Object(Closure))
#23 C:\wamp\www\web\bootstrap\cache\compiled.php(9965): call_user_func_array(Array, Array)
#24 [internal function]: Illuminate\Pipeline\Pipeline->Illuminate\Pipeline\{closure}(Object(Illuminate\Http\Request))
#25 C:\wamp\www\web\vendor\laravel\framework\src\Illuminate\Routing\Pipeline.php(32): call_user_func(Object(Closure), Object(Illuminate\Http\Request))
#26 C:\wamp\www\web\bootstrap\cache\compiled.php(13463): Illuminate\Routing\Pipeline->Illuminate\Routing\{closure}(Object(Illuminate\Http\Request))
#27 [internal function]: Illuminate\View\Middleware\ShareErrorsFromSession->handle(Object(Illuminate\Http\Request), Object(Closure))
#28 C:\wamp\www\web\bootstrap\cache\compiled.php(9965): call_user_func_array(Array, Array)
#29 [internal function]: Illuminate\Pipeline\Pipeline->Illuminate\Pipeline\{closure}(Object(Illuminate\Http\Request))
#30 C:\wamp\www\web\vendor\laravel\framework\src\Illuminate\Routing\Pipeline.php(32): call_user_func(Object(Closure), Object(Illuminate\Http\Request))
#31 C:\wamp\www\web\bootstrap\cache\compiled.php(11956): Illuminate\Routing\Pipeline->Illuminate\Routing\{closure}(Object(Illuminate\Http\Request))
#32 [internal function]: Illuminate\Session\Middleware\StartSession->handle(Object(Illuminate\Http\Request), Object(Closure))
#33 C:\wamp\www\web\bootstrap\cache\compiled.php(9965): call_user_func_array(Array, Array)
#34 [internal function]: Illuminate\Pipeline\Pipeline->Illuminate\Pipeline\{closure}(Object(Illuminate\Http\Request))
#35 C:\wamp\www\web\vendor\laravel\framework\src\Illuminate\Routing\Pipeline.php(32): call_user_func(Object(Closure), Object(Illuminate\Http\Request))
#36 C:\wamp\www\web\bootstrap\cache\compiled.php(13202): Illuminate\Routing\Pipeline->Illuminate\Routing\{closure}(Object(Illuminate\Http\Request))
#37 [internal function]: Illuminate\Cookie\Middleware\AddQueuedCookiesToResponse->handle(Object(Illuminate\Http\Request), Object(Closure))
#38 C:\wamp\www\web\bootstrap\cache\compiled.php(9965): call_user_func_array(Array, Array)
#39 [internal function]: Illuminate\Pipeline\Pipeline->Illuminate\Pipeline\{closure}(Object(Illuminate\Http\Request))
#40 C:\wamp\www\web\vendor\laravel\framework\src\Illuminate\Routing\Pipeline.php(32): call_user_func(Object(Closure), Object(Illuminate\Http\Request))
#41 C:\wamp\www\web\bootstrap\cache\compiled.php(13139): Illuminate\Routing\Pipeline->Illuminate\Routing\{closure}(Object(Illuminate\Http\Request))
#42 [internal function]: Illuminate\Cookie\Middleware\EncryptCookies->handle(Object(Illuminate\Http\Request), Object(Closure))
#43 C:\wamp\www\web\bootstrap\cache\compiled.php(9965): call_user_func_array(Array, Array)
#44 [internal function]: Illuminate\Pipeline\Pipeline->Illuminate\Pipeline\{closure}(Object(Illuminate\Http\Request))
#45 C:\wamp\www\web\vendor\laravel\framework\src\Illuminate\Routing\Pipeline.php(32): call_user_func(Object(Closure), Object(Illuminate\Http\Request))
#46 [internal function]: Illuminate\Routing\Pipeline->Illuminate\Routing\{closure}(Object(Illuminate\Http\Request))
#47 C:\wamp\www\web\bootstrap\cache\compiled.php(9950): call_user_func(Object(Closure), Object(Illuminate\Http\Request))
#48 C:\wamp\www\web\bootstrap\cache\compiled.php(8227): Illuminate\Pipeline\Pipeline->then(Object(Closure))
#49 C:\wamp\www\web\bootstrap\cache\compiled.php(8218): Illuminate\Routing\Router->runRouteWithinStack(Object(Illuminate\Routing\Route), Object(Illuminate\Http\Request))
#50 C:\wamp\www\web\bootstrap\cache\compiled.php(8208): Illuminate\Routing\Router->dispatchToRoute(Object(Illuminate\Http\Request))
#51 C:\wamp\www\web\bootstrap\cache\compiled.php(2419): Illuminate\Routing\Router->dispatch(Object(Illuminate\Http\Request))
#52 [internal function]: Illuminate\Foundation\Http\Kernel->Illuminate\Foundation\Http\{closure}(Object(Illuminate\Http\Request))
#53 C:\wamp\www\web\vendor\laravel\framework\src\Illuminate\Routing\Pipeline.php(52): call_user_func(Object(Closure), Object(Illuminate\Http\Request))
#54 C:\wamp\www\web\bootstrap\cache\compiled.php(3286): Illuminate\Routing\Pipeline->Illuminate\Routing\{closure}(Object(Illuminate\Http\Request))
#55 [internal function]: Illuminate\Foundation\Http\Middleware\CheckForMaintenanceMode->handle(Object(Illuminate\Http\Request), Object(Closure))
#56 C:\wamp\www\web\bootstrap\cache\compiled.php(9965): call_user_func_array(Array, Array)
#57 [internal function]: Illuminate\Pipeline\Pipeline->Illuminate\Pipeline\{closure}(Object(Illuminate\Http\Request))
#58 C:\wamp\www\web\vendor\laravel\framework\src\Illuminate\Routing\Pipeline.php(32): call_user_func(Object(Closure), Object(Illuminate\Http\Request))
#59 [internal function]: Illuminate\Routing\Pipeline->Illuminate\Routing\{closure}(Object(Illuminate\Http\Request))
#60 C:\wamp\www\web\bootstrap\cache\compiled.php(9950): call_user_func(Object(Closure), Object(Illuminate\Http\Request))
#61 C:\wamp\www\web\bootstrap\cache\compiled.php(2366): Illuminate\Pipeline\Pipeline->then(Object(Closure))
#62 C:\wamp\www\web\bootstrap\cache\compiled.php(2350): Illuminate\Foundation\Http\Kernel->sendRequestThroughRouter(Object(Illuminate\Http\Request))
#63 C:\wamp\www\web\public\index.php(53): Illuminate\Foundation\Http\Kernel->handle(Object(Illuminate\Http\Request))
#64 {main}  
